#
# There is insufficient memory for the Java Runtime Environment to continue.
# Native memory allocation (malloc) failed to allocate 187776 bytes. Error detail: Chunk::new
# Possible reasons:
#   The system is out of physical RAM or swap space
#   This process is running with CompressedOops enabled, and the Java Heap may be blocking the growth of the native heap
# Possible solutions:
#   Reduce memory load on the system
#   Increase physical memory or swap space
#   Check if swap backing store is full
#   Decrease Java heap size (-Xmx/-Xms)
#   Decrease number of Java threads
#   Decrease Java thread stack sizes (-Xss)
#   Set larger code cache with -XX:ReservedCodeCacheSize=
#   JVM is running with Unscaled Compressed Oops mode in which the Java heap is
#     placed in the first 4GB address space. The Java Heap base address is the
#     maximum limit for the native heap growth. Please use -XX:HeapBaseMinAddress
#     to set the Java Heap base and to place the Java Heap above 4GB virtual address.
# This output file may be truncated or incomplete.
#
#  Out of Memory Error (arena.cpp:168), pid=7136, tid=2064
#
# JRE version: OpenJDK Runtime Environment Temurin-21.0.6+7 (21.0.6+7) (build 21.0.6+7-LTS)
# Java VM: OpenJDK 64-Bit Server VM Temurin-21.0.6+7 (21.0.6+7-LTS, mixed mode, sharing, tiered, compressed oops, compressed class ptrs, parallel gc, windows-amd64)
# No core dump will be written. Minidumps are not enabled by default on client versions of Windows
#

---------------  S U M M A R Y ------------

Command Line: --add-modules=ALL-SYSTEM --add-opens=java.base/java.util=ALL-UNNAMED --add-opens=java.base/java.lang=ALL-UNNAMED --add-opens=java.base/sun.nio.fs=ALL-UNNAMED -Declipse.application=org.eclipse.jdt.ls.core.id1 -Dosgi.bundles.defaultStartLevel=4 -Declipse.product=org.eclipse.jdt.ls.core.product -Djava.import.generatesMetadataFilesAtProjectRoot=false -DDetectVMInstallationsJob.disabled=true -Dfile.encoding=utf8 -XX:+UseParallelGC -XX:GCTimeRatio=4 -XX:AdaptiveSizePolicyWeight=90 -Dsun.zip.disableMemoryMapping=true -Xmx1G -Xms100m -Xlog:disable -javaagent:c:\Users\Admin\.vscode\extensions\redhat.java-1.40.0-win32-x64\lombok\lombok-1.18.36.jar c:\Users\Admin\.vscode\extensions\redhat.java-1.40.0-win32-x64\server\plugins\org.eclipse.equinox.launcher_1.6.1000.v20250131-0606.jar -configuration c:\Users\Admin\AppData\Roaming\Code\User\globalStorage\redhat.java\1.40.0\config_ss_win -data c:\Users\Admin\AppData\Roaming\Code\User\workspaceStorage\f9e950fe48b17e5db849d738e7c9aa1b\redhat.java\ss_ws --pipe=\\.\pipe\lsp-86daf026c7ecea9f529576d6bf29dab8-sock

Host: Intel(R) Celeron(R) N4500 @ 1.10GHz, 2 cores, 3G,  Windows 10 , 64 bit Build 19041 (10.0.19041.1889)
Time: Tue Mar 18 13:15:50 2025 Hora est. Pacífico, Sudamérica elapsed time: 3.667772 seconds (0d 0h 0m 3s)

---------------  T H R E A D  ---------------

Current thread (0x000002aeb941b020):  JavaThread "C2 CompilerThread0" daemon [_thread_in_native, id=2064, stack(0x000000cc62f00000,0x000000cc63000000) (1024K)]


Current CompileTask:
C2:3667 1305       4       jdk.internal.jimage.ImageLocation::verify (218 bytes)

Stack: [0x000000cc62f00000,0x000000cc63000000]
Native frames: (J=compiled Java code, j=interpreted, Vv=VM code, C=native code)
V  [jvm.dll+0x6cdee9]
V  [jvm.dll+0x8a83d1]
V  [jvm.dll+0x8aa8fe]
V  [jvm.dll+0x8aafe3]
V  [jvm.dll+0x27f706]
V  [jvm.dll+0xc500d]
V  [jvm.dll+0xc5543]
V  [jvm.dll+0x2f2acd]
V  [jvm.dll+0x5f6a2a]
V  [jvm.dll+0x250bb2]
V  [jvm.dll+0x24965f]
V  [jvm.dll+0x246ec4]
V  [jvm.dll+0x1c75ee]
V  [jvm.dll+0x25685a]
V  [jvm.dll+0x254dfa]
V  [jvm.dll+0x3f0256]
V  [jvm.dll+0x851f8b]
V  [jvm.dll+0x6cc5ed]
C  [ucrtbase.dll+0x21bb2]
C  [KERNEL32.DLL+0x17034]
C  [ntdll.dll+0x526a1]


---------------  P R O C E S S  ---------------

Threads class SMR info:
_java_thread_list=0x000002aeb9df5ed0, length=11, elements={
0x000002aea5127610, 0x000002aeb9410ed0, 0x000002aeb9411f90, 0x000002aeb9414ec0,
0x000002aeb9417be0, 0x000002aeb94197a0, 0x000002aeb941a1f0, 0x000002aeb941b020,
0x000002aeb948bc00, 0x000002aea51ed710, 0x000002aeb9dffc00
}

Java Threads: ( => current thread )
  0x000002aea5127610 JavaThread "main"                              [_thread_in_vm, id=5264, stack(0x000000cc62500000,0x000000cc62600000) (1024K)]
  0x000002aeb9410ed0 JavaThread "Reference Handler"          daemon [_thread_blocked, id=7592, stack(0x000000cc62900000,0x000000cc62a00000) (1024K)]
  0x000002aeb9411f90 JavaThread "Finalizer"                  daemon [_thread_blocked, id=1500, stack(0x000000cc62a00000,0x000000cc62b00000) (1024K)]
  0x000002aeb9414ec0 JavaThread "Signal Dispatcher"          daemon [_thread_blocked, id=5244, stack(0x000000cc62b00000,0x000000cc62c00000) (1024K)]
  0x000002aeb9417be0 JavaThread "Attach Listener"            daemon [_thread_blocked, id=7348, stack(0x000000cc62c00000,0x000000cc62d00000) (1024K)]
  0x000002aeb94197a0 JavaThread "Service Thread"             daemon [_thread_blocked, id=6304, stack(0x000000cc62d00000,0x000000cc62e00000) (1024K)]
  0x000002aeb941a1f0 JavaThread "Monitor Deflation Thread"   daemon [_thread_blocked, id=2432, stack(0x000000cc62e00000,0x000000cc62f00000) (1024K)]
=>0x000002aeb941b020 JavaThread "C2 CompilerThread0"         daemon [_thread_in_native, id=2064, stack(0x000000cc62f00000,0x000000cc63000000) (1024K)]
  0x000002aeb948bc00 JavaThread "C1 CompilerThread0"         daemon [_thread_blocked, id=4360, stack(0x000000cc63000000,0x000000cc63100000) (1024K)]
  0x000002aea51ed710 JavaThread "Common-Cleaner"             daemon [_thread_blocked, id=4708, stack(0x000000cc63100000,0x000000cc63200000) (1024K)]
  0x000002aeb9dffc00 JavaThread "Notification Thread"        daemon [_thread_blocked, id=3800, stack(0x000000cc63200000,0x000000cc63300000) (1024K)]
Total: 11

Other Threads:
  0x000002aeb93f35d0 VMThread "VM Thread"                           [id=5948, stack(0x000000cc62800000,0x000000cc62900000) (1024K)]
  0x000002aeb93b1ae0 WatcherThread "VM Periodic Task Thread"        [id=7004, stack(0x000000cc62700000,0x000000cc62800000) (1024K)]
  0x000002aea5145e10 WorkerThread "GC Thread#0"                     [id=5912, stack(0x000000cc62600000,0x000000cc62700000) (1024K)]
  0x000002aeb9e29ca0 WorkerThread "GC Thread#1"                     [id=3764, stack(0x000000cc63300000,0x000000cc63400000) (1024K)]
Total: 4

Threads with active compile tasks:
C2 CompilerThread0  3916 1305       4       jdk.internal.jimage.ImageLocation::verify (218 bytes)
Total: 1

VM state: not at safepoint (normal execution)

VM Mutex/Monitor currently owned by a thread:  ([mutex/lock_event])
[0x00007ff88f18c300] Metaspace_lock - owner thread: 0x000002aea5127610

Heap address: 0x00000000c0000000, size: 1024 MB, Compressed Oops mode: 32-bit

CDS archive(s) mapped at: [0x000002aeba000000-0x000002aebaba0000-0x000002aebaba0000), size 12189696, SharedBaseAddress: 0x000002aeba000000, ArchiveRelocationMode: 1.
Compressed class space mapped at: 0x000002aebb000000-0x000002aefb000000, reserved size: 1073741824
Narrow klass base: 0x000002aeba000000, Narrow klass shift: 0, Narrow klass range: 0x100000000

GC Precious Log:
 CardTable entry size: 512
 CPUs: 2 total, 2 available
 Memory: 3901M
 Large Page Support: Disabled
 NUMA Support: Disabled
 Compressed Oops: Enabled (32-bit)
 Alignments: Space 512K, Generation 512K, Heap 2M
 Heap Min Capacity: 100M
 Heap Initial Capacity: 100M
 Heap Max Capacity: 1G
 Pre-touch: Disabled
 Parallel Workers: 2

Heap:
 PSYoungGen      total 29696K, used 16019K [0x00000000eab00000, 0x00000000ecc00000, 0x0000000100000000)
  eden space 25600K, 50% used [0x00000000eab00000,0x00000000eb78b5d8,0x00000000ec400000)
  from space 4096K, 77% used [0x00000000ec400000,0x00000000ec7197f0,0x00000000ec800000)
  to   space 4096K, 0% used [0x00000000ec800000,0x00000000ec800000,0x00000000ecc00000)
 ParOldGen       total 68608K, used 0K [0x00000000c0000000, 0x00000000c4300000, 0x00000000eab00000)
  object space 68608K, 0% used [0x00000000c0000000,0x00000000c0000000,0x00000000c4300000)
 Metaspace       used 6400K, committed 6592K, reserved 1114112K
  class space    used 605K, committed 704K, reserved 1048576K

Card table byte_map: [0x000002aea4ae0000,0x000002aea4cf0000] _byte_map_base: 0x000002aea44e0000

Marking Bits: (ParMarkBitMap*) 0x00007ff88f193260
 Begin Bits: [0x000002aeb7330000, 0x000002aeb8330000)
 End Bits:   [0x000002aeb8330000, 0x000002aeb9330000)

Polling page: 0x000002aea2d50000

Metaspace:

Usage:
  Non-class:      5.66 MB used.
      Class:    605.49 KB used.
       Both:      6.25 MB used.

Virtual space:
  Non-class space:       64.00 MB reserved,       5.75 MB (  9%) committed,  1 nodes.
      Class space:        1.00 GB reserved,     704.00 KB ( <1%) committed,  1 nodes.
             Both:        1.06 GB reserved,       6.44 MB ( <1%) committed. 

Chunk freelists:
   Non-Class:  9.74 MB
       Class:  15.34 MB
        Both:  25.08 MB

MaxMetaspaceSize: unlimited
CompressedClassSpaceSize: 1.00 GB
Initial GC threshold: 21.00 MB
Current GC threshold: 21.00 MB
CDS: on
 - commit_granule_bytes: 65536.
 - commit_granule_words: 8192.
 - virtual_space_node_default_size: 8388608.
 - enlarge_chunks_in_place: 1.
 - use_allocation_guard: 0.


Internal statistics:

num_allocs_failed_limit: 0.
num_arena_births: 158.
num_arena_deaths: 0.
num_vsnodes_births: 2.
num_vsnodes_deaths: 0.
num_space_committed: 103.
num_space_uncommitted: 0.
num_chunks_returned_to_freelist: 0.
num_chunks_taken_from_freelist: 276.
num_chunk_merges: 0.
num_chunk_splits: 193.
num_chunks_enlarged: 137.
num_inconsistent_stats: 0.

CodeHeap 'non-profiled nmethods': size=120064Kb used=543Kb max_used=543Kb free=119521Kb
 bounds [0x000002aeafdf0000, 0x000002aeb0060000, 0x000002aeb7330000]
CodeHeap 'profiled nmethods': size=120000Kb used=2508Kb max_used=2508Kb free=117491Kb
 bounds [0x000002aea8330000, 0x000002aea85b0000, 0x000002aeaf860000]
CodeHeap 'non-nmethods': size=5696Kb used=1200Kb max_used=1228Kb free=4495Kb
 bounds [0x000002aeaf860000, 0x000002aeafad0000, 0x000002aeafdf0000]
 total_blobs=1901 nmethods=1435 adapters=374
 compilation: enabled
              stopped_count=0, restarted_count=0
 full_count=0

Compilation events (20 events):
Event: 3.558 Thread 0x000002aeb948bc00 1328       3       org.lombokweb.asm.SymbolTable::addConstantMemberReference (29 bytes)
Event: 3.558 Thread 0x000002aeb948bc00 nmethod 1328 0x000002aea8575910 code [0x000002aea8575b00, 0x000002aea8575eb0]
Event: 3.558 Thread 0x000002aeb948bc00 1331       3       org.lombokweb.asm.SymbolTable::addConstantNameAndType (28 bytes)
Event: 3.559 Thread 0x000002aeb948bc00 nmethod 1331 0x000002aea8576190 code [0x000002aea8576380, 0x000002aea85766b8]
Event: 3.559 Thread 0x000002aeb948bc00 1332       3       org.lombokweb.asm.SymbolTable::addConstantUtf8Reference (20 bytes)
Event: 3.559 Thread 0x000002aeb948bc00 nmethod 1332 0x000002aea8576910 code [0x000002aea8576ae0, 0x000002aea8576db0]
Event: 3.559 Thread 0x000002aeb948bc00 1334       3       lombok.patcher.PatchScript::classMatches (41 bytes)
Event: 3.559 Thread 0x000002aeb948bc00 nmethod 1334 0x000002aea8576f90 code [0x000002aea85771c0, 0x000002aea8577828]
Event: 3.559 Thread 0x000002aeb948bc00 1336       2       java.util.Collections$UnmodifiableCollection$1::next (10 bytes)
Event: 3.559 Thread 0x000002aeb948bc00 nmethod 1336 0x000002aea8577a90 code [0x000002aea8577c40, 0x000002aea8577d78]
Event: 3.559 Thread 0x000002aeb948bc00 1335       3       lombok.patcher.scripts.MethodLevelPatchScript::patch (21 bytes)
Event: 3.559 Thread 0x000002aeb948bc00 nmethod 1335 0x000002aea8577e10 code [0x000002aea8577fe0, 0x000002aea8578268]
Event: 3.559 Thread 0x000002aeb948bc00 1333       1       org.lombokweb.asm.MethodWriter::hasAsmInstructions (5 bytes)
Event: 3.559 Thread 0x000002aeb948bc00 nmethod 1333 0x000002aeafe75810 code [0x000002aeafe759a0, 0x000002aeafe75a70]
Event: 3.561 Thread 0x000002aeb948bc00 1337       3       java.security.Provider$ServiceKey::equals (53 bytes)
Event: 3.562 Thread 0x000002aeb948bc00 nmethod 1337 0x000002aea8578390 code [0x000002aea8578580, 0x000002aea8578a10]
Event: 3.562 Thread 0x000002aeb948bc00 1338       3       java.util.ArrayList::addAll (76 bytes)
Event: 3.562 Thread 0x000002aeb948bc00 nmethod 1338 0x000002aea8578b90 code [0x000002aea8578d80, 0x000002aea8579210]
Event: 3.569 Thread 0x000002aeb948bc00 1340       1       java.lang.reflect.Method::getReturnType (5 bytes)
Event: 3.569 Thread 0x000002aeb948bc00 nmethod 1340 0x000002aeafe75b10 code [0x000002aeafe75ca0, 0x000002aeafe75d68]

GC Heap History (2 events):
Event: 2.511 GC heap before
{Heap before GC invocations=1 (full 0):
 PSYoungGen      total 29696K, used 25600K [0x00000000eab00000, 0x00000000ecc00000, 0x0000000100000000)
  eden space 25600K, 100% used [0x00000000eab00000,0x00000000ec400000,0x00000000ec400000)
  from space 4096K, 0% used [0x00000000ec800000,0x00000000ec800000,0x00000000ecc00000)
  to   space 4096K, 0% used [0x00000000ec400000,0x00000000ec400000,0x00000000ec800000)
 ParOldGen       total 68608K, used 0K [0x00000000c0000000, 0x00000000c4300000, 0x00000000eab00000)
  object space 68608K, 0% used [0x00000000c0000000,0x00000000c0000000,0x00000000c4300000)
 Metaspace       used 4356K, committed 4544K, reserved 1114112K
  class space    used 437K, committed 512K, reserved 1048576K
}
Event: 2.552 GC heap after
{Heap after GC invocations=1 (full 0):
 PSYoungGen      total 29696K, used 3173K [0x00000000eab00000, 0x00000000ecc00000, 0x0000000100000000)
  eden space 25600K, 0% used [0x00000000eab00000,0x00000000eab00000,0x00000000ec400000)
  from space 4096K, 77% used [0x00000000ec400000,0x00000000ec7197f0,0x00000000ec800000)
  to   space 4096K, 0% used [0x00000000ec800000,0x00000000ec800000,0x00000000ecc00000)
 ParOldGen       total 68608K, used 0K [0x00000000c0000000, 0x00000000c4300000, 0x00000000eab00000)
  object space 68608K, 0% used [0x00000000c0000000,0x00000000c0000000,0x00000000c4300000)
 Metaspace       used 4356K, committed 4544K, reserved 1114112K
  class space    used 437K, committed 512K, reserved 1048576K
}

Dll operation events (8 events):
Event: 0.066 Loaded shared library c:\Users\Admin\.vscode\extensions\redhat.java-1.40.0-win32-x64\jre\21.0.6-win32-x86_64\bin\java.dll
Event: 0.210 Loaded shared library c:\Users\Admin\.vscode\extensions\redhat.java-1.40.0-win32-x64\jre\21.0.6-win32-x86_64\bin\zip.dll
Event: 0.304 Loaded shared library C:\Users\Admin\.vscode\extensions\redhat.java-1.40.0-win32-x64\jre\21.0.6-win32-x86_64\bin\instrument.dll
Event: 0.382 Loaded shared library C:\Users\Admin\.vscode\extensions\redhat.java-1.40.0-win32-x64\jre\21.0.6-win32-x86_64\bin\net.dll
Event: 0.437 Loaded shared library C:\Users\Admin\.vscode\extensions\redhat.java-1.40.0-win32-x64\jre\21.0.6-win32-x86_64\bin\nio.dll
Event: 0.441 Loaded shared library C:\Users\Admin\.vscode\extensions\redhat.java-1.40.0-win32-x64\jre\21.0.6-win32-x86_64\bin\zip.dll
Event: 0.471 Loaded shared library C:\Users\Admin\.vscode\extensions\redhat.java-1.40.0-win32-x64\jre\21.0.6-win32-x86_64\bin\jimage.dll
Event: 0.800 Loaded shared library c:\Users\Admin\.vscode\extensions\redhat.java-1.40.0-win32-x64\jre\21.0.6-win32-x86_64\bin\verify.dll

Deoptimization events (20 events):
Event: 3.128 Thread 0x000002aea5127610 DEOPT PACKING pc=0x000002aeafe2ea28 sp=0x000000cc625f87b0
Event: 3.128 Thread 0x000002aea5127610 DEOPT UNPACKING pc=0x000002aeaf8b3a9c sp=0x000000cc625f8740 mode 2
Event: 3.366 Thread 0x000002aea5127610 DEOPT PACKING pc=0x000002aea83d338d sp=0x000000cc625f3fc0
Event: 3.366 Thread 0x000002aea5127610 DEOPT UNPACKING pc=0x000002aeaf8b4223 sp=0x000000cc625f3470 mode 0
Event: 3.368 Thread 0x000002aea5127610 DEOPT PACKING pc=0x000002aea83d338d sp=0x000000cc625f3fc0
Event: 3.368 Thread 0x000002aea5127610 DEOPT UNPACKING pc=0x000002aeaf8b4223 sp=0x000000cc625f3470 mode 0
Event: 3.378 Thread 0x000002aea5127610 DEOPT PACKING pc=0x000002aea83d342e sp=0x000000cc625f7a80
Event: 3.378 Thread 0x000002aea5127610 DEOPT UNPACKING pc=0x000002aeaf8b4223 sp=0x000000cc625f6f30 mode 0
Event: 3.394 Thread 0x000002aea5127610 DEOPT PACKING pc=0x000002aea83d342e sp=0x000000cc625f3ff0
Event: 3.394 Thread 0x000002aea5127610 DEOPT UNPACKING pc=0x000002aeaf8b4223 sp=0x000000cc625f34a0 mode 0
Event: 3.404 Thread 0x000002aea5127610 DEOPT PACKING pc=0x000002aea83d338d sp=0x000000cc625f3c70
Event: 3.404 Thread 0x000002aea5127610 DEOPT UNPACKING pc=0x000002aeaf8b4223 sp=0x000000cc625f3120 mode 0
Event: 3.524 Thread 0x000002aea5127610 Uncommon trap: trap_request=0xffffffc6 fr.pc=0x000002aeafe2e45c relative=0x000000000000029c
Event: 3.524 Thread 0x000002aea5127610 Uncommon trap: reason=bimorphic_or_optimized_type_check action=maybe_recompile pc=0x000002aeafe2e45c method=java.util.Collections$UnmodifiableCollection$1.next()Ljava/lang/Object; @ 4 c2
Event: 3.524 Thread 0x000002aea5127610 DEOPT PACKING pc=0x000002aeafe2e45c sp=0x000000cc625f8200
Event: 3.524 Thread 0x000002aea5127610 DEOPT UNPACKING pc=0x000002aeaf8b3a9c sp=0x000000cc625f81b0 mode 2
Event: 3.524 Thread 0x000002aea5127610 Uncommon trap: trap_request=0xffffffc6 fr.pc=0x000002aeafe2e45c relative=0x000000000000029c
Event: 3.524 Thread 0x000002aea5127610 Uncommon trap: reason=bimorphic_or_optimized_type_check action=maybe_recompile pc=0x000002aeafe2e45c method=java.util.Collections$UnmodifiableCollection$1.next()Ljava/lang/Object; @ 4 c2
Event: 3.524 Thread 0x000002aea5127610 DEOPT PACKING pc=0x000002aeafe2e45c sp=0x000000cc625f8200
Event: 3.524 Thread 0x000002aea5127610 DEOPT UNPACKING pc=0x000002aeaf8b3a9c sp=0x000000cc625f81b0 mode 2

Classes loaded (20 events):
Event: 3.072 Loading class java/util/concurrent/Semaphore$NonfairSync
Event: 3.072 Loading class java/util/concurrent/Semaphore$Sync
Event: 3.072 Loading class java/util/concurrent/Semaphore$Sync done
Event: 3.072 Loading class java/util/concurrent/Semaphore$NonfairSync done
Event: 3.143 Loading class java/lang/TypeNotPresentException
Event: 3.143 Loading class java/lang/TypeNotPresentException done
Event: 3.559 Loading class java/security/InvalidKeyException
Event: 3.559 Loading class java/security/KeyException
Event: 3.560 Loading class java/security/GeneralSecurityException
Event: 3.560 Loading class java/security/GeneralSecurityException done
Event: 3.560 Loading class java/security/KeyException done
Event: 3.560 Loading class java/security/InvalidKeyException done
Event: 3.560 Loading class java/security/SignatureException
Event: 3.560 Loading class java/security/SignatureException done
Event: 3.560 Loading class java/security/cert/CertificateException
Event: 3.560 Loading class java/security/cert/CertificateException done
Event: 3.560 Loading class java/security/NoSuchAlgorithmException
Event: 3.560 Loading class java/security/NoSuchAlgorithmException done
Event: 3.560 Loading class java/security/NoSuchProviderException
Event: 3.560 Loading class java/security/NoSuchProviderException done

Classes unloaded (0 events):
No events

Classes redefined (0 events):
No events

Internal exceptions (20 events):
Event: 1.712 Thread 0x000002aea5127610 Exception <a 'java/io/FileNotFoundException'{0x00000000eba129a8}> (0x00000000eba129a8) 
thrown [s\src\hotspot\share\prims\jni.cpp, line 520]
Event: 2.125 Thread 0x000002aea5127610 Exception <a 'java/lang/NoSuchMethodError'{0x00000000ebe42798}: 'java.lang.ClassLoader java.lang.ClassLoader.getPlatformClassLoader(java.lang.Class)'> (0x00000000ebe42798) 
thrown [s\src\hotspot\share\interpreter\linkResolver.cpp, line 773]
Event: 2.353 Thread 0x000002aea5127610 Exception <a 'java/lang/ClassNotFoundException'{0x00000000ec248b30}: sun/net/www/protocol/c/Handler> (0x00000000ec248b30) 
thrown [s\src\hotspot\share\classfile\systemDictionary.cpp, line 312]
Event: 2.353 Thread 0x000002aea5127610 Exception <a 'java/lang/ClassNotFoundException'{0x00000000ec249ed0}: sun/net/www/protocol/c/Handler> (0x00000000ec249ed0) 
thrown [s\src\hotspot\share\classfile\systemDictionary.cpp, line 312]
Event: 2.354 Thread 0x000002aea5127610 Exception <a 'java/lang/ClassNotFoundException'{0x00000000ec24b0b8}: sun/net/www/protocol/c/Handler> (0x00000000ec24b0b8) 
thrown [s\src\hotspot\share\classfile\systemDictionary.cpp, line 312]
Event: 2.361 Thread 0x000002aea5127610 Exception <a 'java/io/FileNotFoundException'{0x00000000ec26e730}> (0x00000000ec26e730) 
thrown [s\src\hotspot\share\prims\jni.cpp, line 520]
Event: 2.487 Thread 0x000002aea5127610 Implicit null exception at 0x000002aeafe4b19a to 0x000002aeafe4b3a4
Event: 2.488 Thread 0x000002aea5127610 Exception <a 'java/lang/NoSuchMethodError'{0x00000000ec398d30}: 'void java.lang.invoke.DirectMethodHandle$Holder.invokeStatic(java.lang.Object, java.lang.Object, java.lang.Object, java.lang.Object)'> (0x00000000ec398d30) 
thrown [s\src\hotspot\share\interpreter\linkResolver.cpp, line 773]
Event: 2.492 Thread 0x000002aea5127610 Implicit null exception at 0x000002aeafe4aa9a to 0x000002aeafe4aca4
Event: 2.675 Thread 0x000002aea5127610 Exception <a 'java/lang/NoSuchMethodError'{0x00000000eacdaef8}: 'long java.lang.invoke.DirectMethodHandle$Holder.invokeStatic(java.lang.Object, java.lang.Object, int)'> (0x00000000eacdaef8) 
thrown [s\src\hotspot\share\interpreter\linkResolver.cpp, line 773]
Event: 2.676 Thread 0x000002aea5127610 Exception <a 'java/lang/NoSuchMethodError'{0x00000000eace2a60}: 'java.lang.Object java.lang.invoke.DirectMethodHandle$Holder.invokeSpecial(java.lang.Object, java.lang.Object, java.lang.Object, java.lang.Object, long)'> (0x00000000eace2a60) 
thrown [s\src\hotspot\share\interpreter\linkResolver.cpp, line 773]
Event: 2.678 Thread 0x000002aea5127610 Exception <a 'java/lang/NoSuchMethodError'{0x00000000eacf06e0}: 'java.lang.Object java.lang.invoke.DirectMethodHandle$Holder.invokeSpecial(java.lang.Object, java.lang.Object, java.lang.Object, int, java.lang.Object)'> (0x00000000eacf06e0) 
thrown [s\src\hotspot\share\interpreter\linkResolver.cpp, line 773]
Event: 2.692 Thread 0x000002aea5127610 Exception <a 'java/lang/NoSuchMethodError'{0x00000000ead0a4b0}: 'java.lang.Object java.lang.invoke.Invokers$Holder.invokeExact_MT(java.lang.Object, java.lang.Object, java.lang.Object, java.lang.Object, java.lang.Object, java.lang.Object)'> (0x00000000ead0a4b0) 
thrown [s\src\hotspot\share\interpreter\linkResolver.cpp, line 773]
Event: 2.702 Thread 0x000002aea5127610 Exception <a 'java/lang/NoSuchMethodError'{0x00000000ead23d68}: 'int java.lang.invoke.DirectMethodHandle$Holder.invokeStaticInit(java.lang.Object, java.lang.Object, java.lang.Object, java.lang.Object)'> (0x00000000ead23d68) 
thrown [s\src\hotspot\share\interpreter\linkResolver.cpp, line 773]
Event: 2.704 Thread 0x000002aea5127610 Exception <a 'java/lang/NoSuchMethodError'{0x00000000ead2c7b8}: 'java.lang.Object java.lang.invoke.DirectMethodHandle$Holder.invokeInterface(java.lang.Object, java.lang.Object)'> (0x00000000ead2c7b8) 
thrown [s\src\hotspot\share\interpreter\linkResolver.cpp, line 773]
Event: 2.704 Thread 0x000002aea5127610 Exception <a 'java/lang/IncompatibleClassChangeError'{0x00000000ead2fcf0}: Found class java.lang.Object, but interface was expected> (0x00000000ead2fcf0) 
thrown [s\src\hotspot\share\interpreter\linkResolver.cpp, line 840]
Event: 2.704 Thread 0x000002aea5127610 Exception <a 'java/lang/NoSuchMethodError'{0x00000000ead33ea8}: 'void java.lang.invoke.DirectMethodHandle$Holder.invokeStatic(java.lang.Object, java.lang.Object)'> (0x00000000ead33ea8) 
thrown [s\src\hotspot\share\interpreter\linkResolver.cpp, line 773]
Event: 2.705 Thread 0x000002aea5127610 Exception <a 'java/lang/NoSuchMethodError'{0x00000000ead37250}: 'void java.lang.invoke.DirectMethodHandle$Holder.invokeStaticInit(java.lang.Object, java.lang.Object)'> (0x00000000ead37250) 
thrown [s\src\hotspot\share\interpreter\linkResolver.cpp, line 773]
Event: 2.706 Thread 0x000002aea5127610 Exception <a 'java/lang/NoSuchMethodError'{0x00000000ead3e1e0}: 'int java.lang.invoke.DirectMethodHandle$Holder.invokeStaticInit(java.lang.Object, java.lang.Object)'> (0x00000000ead3e1e0) 
thrown [s\src\hotspot\share\interpreter\linkResolver.cpp, line 773]
Event: 2.850 Thread 0x000002aea5127610 Exception <a 'java/lang/NoSuchMethodError'{0x00000000eae7d238}: 'void java.lang.invoke.DirectMethodHandle$Holder.invokeSpecial(java.lang.Object, java.lang.Object, java.lang.Object)'> (0x00000000eae7d238) 
thrown [s\src\hotspot\share\interpreter\linkResolver.cpp, line 773]

ZGC Phase Switch (0 events):
No events

VM Operations (16 events):
Event: 0.208 Executing VM operation: HandshakeAllThreads (Deoptimize)
Event: 0.208 Executing VM operation: HandshakeAllThreads (Deoptimize) done
Event: 0.518 Executing VM operation: HandshakeAllThreads (Deoptimize)
Event: 0.518 Executing VM operation: HandshakeAllThreads (Deoptimize) done
Event: 1.534 Executing VM operation: Cleanup
Event: 1.547 Executing VM operation: Cleanup done
Event: 1.571 Executing VM operation: HandshakeAllThreads (Deoptimize)
Event: 1.571 Executing VM operation: HandshakeAllThreads (Deoptimize) done
Event: 1.606 Executing VM operation: HandshakeAllThreads (Deoptimize)
Event: 1.606 Executing VM operation: HandshakeAllThreads (Deoptimize) done
Event: 2.326 Executing VM operation: HandshakeAllThreads (Deoptimize)
Event: 2.326 Executing VM operation: HandshakeAllThreads (Deoptimize) done
Event: 2.511 Executing VM operation: ParallelGCFailedAllocation (Allocation Failure)
Event: 2.552 Executing VM operation: ParallelGCFailedAllocation (Allocation Failure) done
Event: 3.563 Executing VM operation: Cleanup
Event: 3.563 Executing VM operation: Cleanup done

Memory protections (0 events):
No events

Nmethod flushes (0 events):
No events

Events (11 events):
Event: 0.084 Thread 0x000002aea5127610 Thread added: 0x000002aea5127610
Event: 0.105 Thread 0x000002aea5127610 Thread added: 0x000002aeb9410ed0
Event: 0.105 Thread 0x000002aea5127610 Thread added: 0x000002aeb9411f90
Event: 0.106 Thread 0x000002aea5127610 Thread added: 0x000002aeb9414ec0
Event: 0.106 Thread 0x000002aea5127610 Thread added: 0x000002aeb9417be0
Event: 0.106 Thread 0x000002aea5127610 Thread added: 0x000002aeb94197a0
Event: 0.106 Thread 0x000002aea5127610 Thread added: 0x000002aeb941a1f0
Event: 0.106 Thread 0x000002aea5127610 Thread added: 0x000002aeb941b020
Event: 0.116 Thread 0x000002aea5127610 Thread added: 0x000002aeb948bc00
Event: 0.155 Thread 0x000002aea5127610 Thread added: 0x000002aea51ed710
Event: 1.022 Thread 0x000002aea5127610 Thread added: 0x000002aeb9dffc00


Dynamic libraries:
0x00007ff605330000 - 0x00007ff60533e000 	c:\Users\Admin\.vscode\extensions\redhat.java-1.40.0-win32-x64\jre\21.0.6-win32-x86_64\bin\java.exe
0x00007ff8c57f0000 - 0x00007ff8c59e8000 	C:\Windows\SYSTEM32\ntdll.dll
0x00007ff8c3f50000 - 0x00007ff8c400d000 	C:\Windows\System32\KERNEL32.DLL
0x00007ff8c2ef0000 - 0x00007ff8c31c3000 	C:\Windows\System32\KERNELBASE.dll
0x00007ff8c32b0000 - 0x00007ff8c33b0000 	C:\Windows\System32\ucrtbase.dll
0x00007ff8b6ff0000 - 0x00007ff8b7008000 	c:\Users\Admin\.vscode\extensions\redhat.java-1.40.0-win32-x64\jre\21.0.6-win32-x86_64\bin\jli.dll
0x00007ff8c3d30000 - 0x00007ff8c3ece000 	C:\Windows\System32\USER32.dll
0x00007ff8c3620000 - 0x00007ff8c3642000 	C:\Windows\System32\win32u.dll
0x00007ff8c4010000 - 0x00007ff8c403c000 	C:\Windows\System32\GDI32.dll
0x00007ff8c3730000 - 0x00007ff8c3844000 	C:\Windows\System32\gdi32full.dll
0x00007ff8c3420000 - 0x00007ff8c34bd000 	C:\Windows\System32\msvcp_win.dll
0x00007ff8b2f50000 - 0x00007ff8b2f6e000 	c:\Users\Admin\.vscode\extensions\redhat.java-1.40.0-win32-x64\jre\21.0.6-win32-x86_64\bin\VCRUNTIME140.dll
0x00007ff8b50a0000 - 0x00007ff8b533a000 	C:\Windows\WinSxS\amd64_microsoft.windows.common-controls_6595b64144ccf1df_6.0.19041.1110_none_60b5254171f9507e\COMCTL32.dll
0x00007ff8c38b0000 - 0x00007ff8c394e000 	C:\Windows\System32\msvcrt.dll
0x00007ff8c40b0000 - 0x00007ff8c40e0000 	C:\Windows\System32\IMM32.DLL
0x00007ff8bdeb0000 - 0x00007ff8bdebc000 	c:\Users\Admin\.vscode\extensions\redhat.java-1.40.0-win32-x64\jre\21.0.6-win32-x86_64\bin\vcruntime140_1.dll
0x00007ff8b02f0000 - 0x00007ff8b037d000 	c:\Users\Admin\.vscode\extensions\redhat.java-1.40.0-win32-x64\jre\21.0.6-win32-x86_64\bin\msvcp140.dll
0x00007ff88e4e0000 - 0x00007ff88f270000 	c:\Users\Admin\.vscode\extensions\redhat.java-1.40.0-win32-x64\jre\21.0.6-win32-x86_64\bin\server\jvm.dll
0x00007ff8c3b20000 - 0x00007ff8c3bce000 	C:\Windows\System32\ADVAPI32.dll
0x00007ff8c4150000 - 0x00007ff8c41ec000 	C:\Windows\System32\sechost.dll
0x00007ff8c3be0000 - 0x00007ff8c3d05000 	C:\Windows\System32\RPCRT4.dll
0x00007ff8c4940000 - 0x00007ff8c49ab000 	C:\Windows\System32\WS2_32.dll
0x00007ff8c2da0000 - 0x00007ff8c2deb000 	C:\Windows\SYSTEM32\POWRPROF.dll
0x00007ff8b4120000 - 0x00007ff8b4147000 	C:\Windows\SYSTEM32\WINMM.dll
0x00007ff8b7560000 - 0x00007ff8b756a000 	C:\Windows\SYSTEM32\VERSION.dll
0x00007ff8c2d40000 - 0x00007ff8c2d52000 	C:\Windows\SYSTEM32\UMPDC.dll
0x00007ff8c0db0000 - 0x00007ff8c0dc2000 	C:\Windows\SYSTEM32\kernel.appcore.dll
0x00007ff8bd0d0000 - 0x00007ff8bd0da000 	c:\Users\Admin\.vscode\extensions\redhat.java-1.40.0-win32-x64\jre\21.0.6-win32-x86_64\bin\jimage.dll
0x00007ff8b5370000 - 0x00007ff8b5554000 	C:\Windows\SYSTEM32\DBGHELP.DLL
0x00007ff8b3df0000 - 0x00007ff8b3e1c000 	C:\Windows\SYSTEM32\dbgcore.DLL
0x00007ff8c31d0000 - 0x00007ff8c3252000 	C:\Windows\System32\bcryptPrimitives.dll
0x00007ff8bc320000 - 0x00007ff8bc32f000 	c:\Users\Admin\.vscode\extensions\redhat.java-1.40.0-win32-x64\jre\21.0.6-win32-x86_64\bin\instrument.dll
0x00007ff8bae30000 - 0x00007ff8bae4f000 	c:\Users\Admin\.vscode\extensions\redhat.java-1.40.0-win32-x64\jre\21.0.6-win32-x86_64\bin\java.dll
0x00007ff8c41f0000 - 0x00007ff8c4933000 	C:\Windows\System32\SHELL32.dll
0x00007ff8c0fb0000 - 0x00007ff8c1744000 	C:\Windows\SYSTEM32\windows.storage.dll
0x00007ff8c4df0000 - 0x00007ff8c5144000 	C:\Windows\System32\combase.dll
0x00007ff8c2870000 - 0x00007ff8c28a0000 	C:\Windows\SYSTEM32\Wldp.dll
0x00007ff8c3950000 - 0x00007ff8c39fd000 	C:\Windows\System32\SHCORE.dll
0x00007ff8c4050000 - 0x00007ff8c40a5000 	C:\Windows\System32\shlwapi.dll
0x00007ff8c2e30000 - 0x00007ff8c2e4f000 	C:\Windows\SYSTEM32\profapi.dll
0x00007ff8b0dc0000 - 0x00007ff8b0dd8000 	c:\Users\Admin\.vscode\extensions\redhat.java-1.40.0-win32-x64\jre\21.0.6-win32-x86_64\bin\zip.dll
0x00007ff8bc300000 - 0x00007ff8bc310000 	C:\Users\Admin\.vscode\extensions\redhat.java-1.40.0-win32-x64\jre\21.0.6-win32-x86_64\bin\net.dll
0x00007ff8bcf40000 - 0x00007ff8bd04d000 	C:\Windows\SYSTEM32\WINHTTP.dll
0x00007ff8c25d0000 - 0x00007ff8c263a000 	C:\Windows\system32\mswsock.dll
0x00007ff8b0da0000 - 0x00007ff8b0db6000 	C:\Users\Admin\.vscode\extensions\redhat.java-1.40.0-win32-x64\jre\21.0.6-win32-x86_64\bin\nio.dll
0x00007ff8ba640000 - 0x00007ff8ba650000 	c:\Users\Admin\.vscode\extensions\redhat.java-1.40.0-win32-x64\jre\21.0.6-win32-x86_64\bin\verify.dll

dbghelp: loaded successfully - version: 4.0.5 - missing functions: none
symbol engine: initialized successfully - sym options: 0x614 - pdb path: .;c:\Users\Admin\.vscode\extensions\redhat.java-1.40.0-win32-x64\jre\21.0.6-win32-x86_64\bin;C:\Windows\SYSTEM32;C:\Windows\WinSxS\amd64_microsoft.windows.common-controls_6595b64144ccf1df_6.0.19041.1110_none_60b5254171f9507e;c:\Users\Admin\.vscode\extensions\redhat.java-1.40.0-win32-x64\jre\21.0.6-win32-x86_64\bin\server

VM Arguments:
jvm_args: --add-modules=ALL-SYSTEM --add-opens=java.base/java.util=ALL-UNNAMED --add-opens=java.base/java.lang=ALL-UNNAMED --add-opens=java.base/sun.nio.fs=ALL-UNNAMED -Declipse.application=org.eclipse.jdt.ls.core.id1 -Dosgi.bundles.defaultStartLevel=4 -Declipse.product=org.eclipse.jdt.ls.core.product -Djava.import.generatesMetadataFilesAtProjectRoot=false -DDetectVMInstallationsJob.disabled=true -Dfile.encoding=utf8 -XX:+UseParallelGC -XX:GCTimeRatio=4 -XX:AdaptiveSizePolicyWeight=90 -Dsun.zip.disableMemoryMapping=true -Xmx1G -Xms100m -Xlog:disable -javaagent:c:\Users\Admin\.vscode\extensions\redhat.java-1.40.0-win32-x64\lombok\lombok-1.18.36.jar 
java_command: c:\Users\Admin\.vscode\extensions\redhat.java-1.40.0-win32-x64\server\plugins\org.eclipse.equinox.launcher_1.6.1000.v20250131-0606.jar -configuration c:\Users\Admin\AppData\Roaming\Code\User\globalStorage\redhat.java\1.40.0\config_ss_win -data c:\Users\Admin\AppData\Roaming\Code\User\workspaceStorage\f9e950fe48b17e5db849d738e7c9aa1b\redhat.java\ss_ws --pipe=\\.\pipe\lsp-86daf026c7ecea9f529576d6bf29dab8-sock
java_class_path (initial): c:\Users\Admin\.vscode\extensions\redhat.java-1.40.0-win32-x64\server\plugins\org.eclipse.equinox.launcher_1.6.1000.v20250131-0606.jar
Launcher Type: SUN_STANDARD

[Global flags]
    uintx AdaptiveSizePolicyWeight                 = 90                                        {product} {command line}
     intx CICompilerCount                          = 2                                         {product} {ergonomic}
    uintx GCTimeRatio                              = 4                                         {product} {command line}
   size_t InitialHeapSize                          = 104857600                                 {product} {command line}
   size_t MaxHeapSize                              = 1073741824                                {product} {command line}
   size_t MaxNewSize                               = 357564416                                 {product} {ergonomic}
   size_t MinHeapDeltaBytes                        = 524288                                    {product} {ergonomic}
   size_t MinHeapSize                              = 104857600                                 {product} {command line}
   size_t NewSize                                  = 34603008                                  {product} {ergonomic}
    uintx NonNMethodCodeHeapSize                   = 5826188                                {pd product} {ergonomic}
    uintx NonProfiledCodeHeapSize                  = 122916026                              {pd product} {ergonomic}
   size_t OldSize                                  = 70254592                                  {product} {ergonomic}
    uintx ProfiledCodeHeapSize                     = 122916026                              {pd product} {ergonomic}
    uintx ReservedCodeCacheSize                    = 251658240                              {pd product} {ergonomic}
     bool SegmentedCodeCache                       = true                                      {product} {ergonomic}
   size_t SoftMaxHeapSize                          = 1073741824                             {manageable} {ergonomic}
     bool UseCompressedOops                        = true                           {product lp64_product} {ergonomic}
     bool UseLargePagesIndividualAllocation        = false                                  {pd product} {ergonomic}
     bool UseParallelGC                            = true                                      {product} {command line}

Logging:
Log output configuration:
 #0: stdout all=off uptime,level,tags foldmultilines=false
 #1: stderr all=off uptime,level,tags foldmultilines=false

Environment Variables:
JAVA_HOME=C:\Program Files\Eclipse Adoptium\jre-17.0.13.11-hotspot\
PATH=C:\Program Files\Eclipse Adoptium\jre-17.0.13.11-hotspot\bin;C:\Program Files\Eclipse Adoptium\jdk-17.0.13.11-hotspot\bin;C:\ProgramData\Oracle\Java\javapath;C:\Windows\system32;C:\Windows;C:\Windows\System32\Wbem;C:\Windows\System32\WindowsPowerShell\v1.0\;C:\Windows\System32\OpenSSH\;C:\Program Files\MySQL\MySQL Shell 8.0\bin\;C:\Users\Admin\AppData\Local\Programs\Python\Python312\Scripts\;C:\Users\Admin\AppData\Local\Programs\Python\Python312\;C:\Users\Admin\AppData\Local\Microsoft\WindowsApps;C:\Users\Admin\AppData\Local\Programs\Microsoft VS Code\bin
USERNAME=Admin
OS=Windows_NT
PROCESSOR_IDENTIFIER=Intel64 Family 6 Model 156 Stepping 0, GenuineIntel
TMP=C:\Users\Admin\AppData\Local\Temp
TEMP=C:\Users\Admin\AppData\Local\Temp




Periodic native trim disabled

---------------  S Y S T E M  ---------------

OS:
 Windows 10 , 64 bit Build 19041 (10.0.19041.1889)
OS uptime: 3 days 0:07 hours

CPU: total 2 (initial active 2) (2 cores per cpu, 1 threads per core) family 6 model 156 stepping 0 microcode 0x2400001f, cx8, cmov, fxsr, mmx, 3dnowpref, sse, sse2, sse3, ssse3, sse4.1, sse4.2, popcnt, tsc, tscinvbit, aes, erms, clmul, sha, clflush, clflushopt, clwb, rdtscp, rdpid
Processor Information for the first 2 processors :
  Max Mhz: 1114, Current Mhz: 1114, Mhz Limit: 1114

Memory: 4k page, system-wide physical 3901M (624M free)
TotalPageFile size 3901M (AvailPageFile size 65M)
current process WorkingSet (physical memory assigned to process): 81M, peak: 81M
current process commit charge ("private bytes"): 183M, peak: 183M

vm_info: OpenJDK 64-Bit Server VM (21.0.6+7-LTS) for windows-amd64 JRE (21.0.6+7-LTS), built on 2025-01-21T00:00:00Z by "admin" with MS VC++ 17.7 (VS2022)

END.
