#
# There is insufficient memory for the Java Runtime Environment to continue.
# Native memory allocation (malloc) failed to allocate 521936 bytes. Error detail: Chunk::new
# Possible reasons:
#   The system is out of physical RAM or swap space
#   This process is running with CompressedOops enabled, and the Java Heap may be blocking the growth of the native heap
# Possible solutions:
#   Reduce memory load on the system
#   Increase physical memory or swap space
#   Check if swap backing store is full
#   Decrease Java heap size (-Xmx/-Xms)
#   Decrease number of Java threads
#   Decrease Java thread stack sizes (-Xss)
#   Set larger code cache with -XX:ReservedCodeCacheSize=
#   JVM is running with Unscaled Compressed Oops mode in which the Java heap is
#     placed in the first 4GB address space. The Java Heap base address is the
#     maximum limit for the native heap growth. Please use -XX:HeapBaseMinAddress
#     to set the Java Heap base and to place the Java Heap above 4GB virtual address.
# This output file may be truncated or incomplete.
#
#  Out of Memory Error (arena.cpp:168), pid=6196, tid=5652
#
# JRE version: OpenJDK Runtime Environment Temurin-21.0.6+7 (21.0.6+7) (build 21.0.6+7-LTS)
# Java VM: OpenJDK 64-Bit Server VM Temurin-21.0.6+7 (21.0.6+7-LTS, mixed mode, sharing, tiered, compressed oops, compressed class ptrs, parallel gc, windows-amd64)
# No core dump will be written. Minidumps are not enabled by default on client versions of Windows
#

---------------  S U M M A R Y ------------

Command Line: --add-modules=ALL-SYSTEM --add-opens=java.base/java.util=ALL-UNNAMED --add-opens=java.base/java.lang=ALL-UNNAMED --add-opens=java.base/sun.nio.fs=ALL-UNNAMED -Declipse.application=org.eclipse.jdt.ls.core.id1 -Dosgi.bundles.defaultStartLevel=4 -Declipse.product=org.eclipse.jdt.ls.core.product -Djava.import.generatesMetadataFilesAtProjectRoot=false -DDetectVMInstallationsJob.disabled=true -Dfile.encoding=utf8 -XX:+UseParallelGC -XX:GCTimeRatio=4 -XX:AdaptiveSizePolicyWeight=90 -Dsun.zip.disableMemoryMapping=true -Xmx1G -Xms100m -Xlog:disable -javaagent:c:\Users\Admin\.vscode\extensions\redhat.java-1.40.0-win32-x64\lombok\lombok-1.18.36.jar -XX:+HeapDumpOnOutOfMemoryError -XX:HeapDumpPath=c:\Users\Admin\AppData\Roaming\Code\User\workspaceStorage\f9e950fe48b17e5db849d738e7c9aa1b\redhat.java -Daether.dependencyCollector.impl=bf c:\Users\Admin\.vscode\extensions\redhat.java-1.40.0-win32-x64\server\plugins\org.eclipse.equinox.launcher_1.6.1000.v20250131-0606.jar -configuration c:\Users\Admin\AppData\Roaming\Code\User\globalStorage\redhat.java\1.40.0\config_win -data c:\Users\Admin\AppData\Roaming\Code\User\workspaceStorage\f9e950fe48b17e5db849d738e7c9aa1b\redhat.java\jdt_ws --pipe=\\.\pipe\lsp-bba0498eb404d9db55f441e38c97d99a-sock

Host: Intel(R) Celeron(R) N4500 @ 1.10GHz, 2 cores, 3G,  Windows 10 , 64 bit Build 19041 (10.0.19041.1889)
Time: Tue Mar 18 13:25:57 2025 Hora est. Pacífico, Sudamérica elapsed time: 2.546503 seconds (0d 0h 0m 2s)

---------------  T H R E A D  ---------------

Current thread (0x00000257de248ed0):  JavaThread "C2 CompilerThread0" daemon [_thread_in_native, id=5652, stack(0x000000836f400000,0x000000836f500000) (1024K)]


Current CompileTask:
C2:2546  825   !   4       java.util.jar.Attributes::read (494 bytes)

Stack: [0x000000836f400000,0x000000836f500000]
Native frames: (J=compiled Java code, j=interpreted, Vv=VM code, C=native code)
V  [jvm.dll+0x6cdee9]
V  [jvm.dll+0x8a83d1]
V  [jvm.dll+0x8aa8fe]
V  [jvm.dll+0x8aafe3]
V  [jvm.dll+0x27f706]
V  [jvm.dll+0xc500d]
V  [jvm.dll+0xc5543]
V  [jvm.dll+0x3b6752]
V  [jvm.dll+0x382935]
V  [jvm.dll+0x381d9a]
V  [jvm.dll+0x2479f0]
V  [jvm.dll+0x246fcf]
V  [jvm.dll+0x1c75ee]
V  [jvm.dll+0x25685a]
V  [jvm.dll+0x254dfa]
V  [jvm.dll+0x3f0256]
V  [jvm.dll+0x851f8b]
V  [jvm.dll+0x6cc5ed]
C  [ucrtbase.dll+0x21bb2]
C  [KERNEL32.DLL+0x17034]
C  [ntdll.dll+0x526a1]


---------------  P R O C E S S  ---------------

Threads class SMR info:
_java_thread_list=0x00000257debd8450, length=11, elements={
0x00000257c9f55b50, 0x00000257de23f4a0, 0x00000257de240d00, 0x00000257de242c20,
0x00000257de243b30, 0x00000257de247700, 0x00000257de248150, 0x00000257de248ed0,
0x00000257de2bebd0, 0x00000257ca01dea0, 0x00000257debe1170
}

Java Threads: ( => current thread )
  0x00000257c9f55b50 JavaThread "main"                              [_thread_in_Java, id=5796, stack(0x000000836ea00000,0x000000836eb00000) (1024K)]
  0x00000257de23f4a0 JavaThread "Reference Handler"          daemon [_thread_blocked, id=5788, stack(0x000000836ee00000,0x000000836ef00000) (1024K)]
  0x00000257de240d00 JavaThread "Finalizer"                  daemon [_thread_blocked, id=8132, stack(0x000000836ef00000,0x000000836f000000) (1024K)]
  0x00000257de242c20 JavaThread "Signal Dispatcher"          daemon [_thread_blocked, id=3656, stack(0x000000836f000000,0x000000836f100000) (1024K)]
  0x00000257de243b30 JavaThread "Attach Listener"            daemon [_thread_blocked, id=4596, stack(0x000000836f100000,0x000000836f200000) (1024K)]
  0x00000257de247700 JavaThread "Service Thread"             daemon [_thread_blocked, id=5128, stack(0x000000836f200000,0x000000836f300000) (1024K)]
  0x00000257de248150 JavaThread "Monitor Deflation Thread"   daemon [_thread_blocked, id=6576, stack(0x000000836f300000,0x000000836f400000) (1024K)]
=>0x00000257de248ed0 JavaThread "C2 CompilerThread0"         daemon [_thread_in_native, id=5652, stack(0x000000836f400000,0x000000836f500000) (1024K)]
  0x00000257de2bebd0 JavaThread "C1 CompilerThread0"         daemon [_thread_blocked, id=3036, stack(0x000000836f500000,0x000000836f600000) (1024K)]
  0x00000257ca01dea0 JavaThread "Common-Cleaner"             daemon [_thread_blocked, id=1376, stack(0x000000836f600000,0x000000836f700000) (1024K)]
  0x00000257debe1170 JavaThread "Notification Thread"        daemon [_thread_blocked, id=8120, stack(0x000000836f700000,0x000000836f800000) (1024K)]
Total: 11

Other Threads:
  0x00000257de2235d0 VMThread "VM Thread"                           [id=3780, stack(0x000000836ed00000,0x000000836ee00000) (1024K)]
  0x00000257de1e1ae0 WatcherThread "VM Periodic Task Thread"        [id=3828, stack(0x000000836ec00000,0x000000836ed00000) (1024K)]
  0x00000257c9f74bf0 WorkerThread "GC Thread#0"                     [id=6608, stack(0x000000836eb00000,0x000000836ec00000) (1024K)]
Total: 3

Threads with active compile tasks:
C2 CompilerThread0  2557  825   !   4       java.util.jar.Attributes::read (494 bytes)
Total: 1

VM state: not at safepoint (normal execution)

VM Mutex/Monitor currently owned by a thread: None

Heap address: 0x00000000c0000000, size: 1024 MB, Compressed Oops mode: 32-bit

CDS archive(s) mapped at: [0x0000025780000000-0x0000025780ba0000-0x0000025780ba0000), size 12189696, SharedBaseAddress: 0x0000025780000000, ArchiveRelocationMode: 1.
Compressed class space mapped at: 0x0000025781000000-0x00000257c1000000, reserved size: 1073741824
Narrow klass base: 0x0000025780000000, Narrow klass shift: 0, Narrow klass range: 0x100000000

GC Precious Log:
 CardTable entry size: 512
 CPUs: 2 total, 2 available
 Memory: 3901M
 Large Page Support: Disabled
 NUMA Support: Disabled
 Compressed Oops: Enabled (32-bit)
 Alignments: Space 512K, Generation 512K, Heap 2M
 Heap Min Capacity: 100M
 Heap Initial Capacity: 100M
 Heap Max Capacity: 1G
 Pre-touch: Disabled
 Parallel Workers: 2

Heap:
 PSYoungGen      total 29696K, used 18429K [0x00000000eab00000, 0x00000000ecc00000, 0x0000000100000000)
  eden space 25600K, 71% used [0x00000000eab00000,0x00000000ebcff508,0x00000000ec400000)
  from space 4096K, 0% used [0x00000000ec800000,0x00000000ec800000,0x00000000ecc00000)
  to   space 4096K, 0% used [0x00000000ec400000,0x00000000ec400000,0x00000000ec800000)
 ParOldGen       total 68608K, used 0K [0x00000000c0000000, 0x00000000c4300000, 0x00000000eab00000)
  object space 68608K, 0% used [0x00000000c0000000,0x00000000c0000000,0x00000000c4300000)
 Metaspace       used 3148K, committed 3392K, reserved 1114112K
  class space    used 311K, committed 448K, reserved 1048576K

Card table byte_map: [0x00000257c9910000,0x00000257c9b20000] _byte_map_base: 0x00000257c9310000

Marking Bits: (ParMarkBitMap*) 0x00007ff8917e3260
 Begin Bits: [0x00000257dc160000, 0x00000257dd160000)
 End Bits:   [0x00000257dd160000, 0x00000257de160000)

Polling page: 0x00000257c7da0000

Metaspace:

Usage:
  Non-class:      2.77 MB used.
      Class:    311.45 KB used.
       Both:      3.07 MB used.

Virtual space:
  Non-class space:       64.00 MB reserved,       2.88 MB (  4%) committed,  1 nodes.
      Class space:        1.00 GB reserved,     448.00 KB ( <1%) committed,  1 nodes.
             Both:        1.06 GB reserved,       3.31 MB ( <1%) committed. 

Chunk freelists:
   Non-Class:  11.56 MB
       Class:  15.54 MB
        Both:  27.10 MB

MaxMetaspaceSize: unlimited
CompressedClassSpaceSize: 1.00 GB
Initial GC threshold: 21.00 MB
Current GC threshold: 21.00 MB
CDS: on
 - commit_granule_bytes: 65536.
 - commit_granule_words: 8192.
 - virtual_space_node_default_size: 8388608.
 - enlarge_chunks_in_place: 1.
 - use_allocation_guard: 0.


Internal statistics:

num_allocs_failed_limit: 0.
num_arena_births: 82.
num_arena_deaths: 0.
num_vsnodes_births: 2.
num_vsnodes_deaths: 0.
num_space_committed: 53.
num_space_uncommitted: 0.
num_chunks_returned_to_freelist: 0.
num_chunks_taken_from_freelist: 110.
num_chunk_merges: 0.
num_chunk_splits: 74.
num_chunks_enlarged: 49.
num_inconsistent_stats: 0.

CodeHeap 'non-profiled nmethods': size=120064Kb used=326Kb max_used=326Kb free=119737Kb
 bounds [0x00000257d4c20000, 0x00000257d4e90000, 0x00000257dc160000]
CodeHeap 'profiled nmethods': size=120000Kb used=1349Kb max_used=1349Kb free=118650Kb
 bounds [0x00000257cd160000, 0x00000257cd3d0000, 0x00000257d4690000]
CodeHeap 'non-nmethods': size=5696Kb used=1182Kb max_used=1199Kb free=4513Kb
 bounds [0x00000257d4690000, 0x00000257d4900000, 0x00000257d4c20000]
 total_blobs=1274 nmethods=831 adapters=351
 compilation: enabled
              stopped_count=0, restarted_count=0
 full_count=0

Compilation events (20 events):
Event: 2.500 Thread 0x00000257de248ed0 nmethod 810 0x00000257d4c6f190 code [0x00000257d4c6f400, 0x00000257d4c6fe78]
Event: 2.500 Thread 0x00000257de248ed0  822 %     4       sun.security.util.ManifestDigester::findSection @ 27 (181 bytes)
Event: 2.502 Thread 0x00000257de2bebd0  826  s    1       java.io.ByteArrayOutputStream::size (5 bytes)
Event: 2.502 Thread 0x00000257de2bebd0 nmethod 826 0x00000257d4c70690 code [0x00000257d4c70820, 0x00000257d4c709a8]
Event: 2.502 Thread 0x00000257de2bebd0  827       1       sun.security.util.DerOutputStream::buf (5 bytes)
Event: 2.502 Thread 0x00000257de2bebd0 nmethod 827 0x00000257d4c70a10 code [0x00000257d4c70ba0, 0x00000257d4c70c68]
Event: 2.502 Thread 0x00000257de2bebd0  828       3       sun.security.util.ObjectIdentifier::equals (36 bytes)
Event: 2.502 Thread 0x00000257de2bebd0 nmethod 828 0x00000257cd2aa490 code [0x00000257cd2aa660, 0x00000257cd2aaa58]
Event: 2.502 Thread 0x00000257de2bebd0  829  s    3       java.util.Hashtable::get (69 bytes)
Event: 2.503 Thread 0x00000257de2bebd0 nmethod 829 0x00000257cd2aab10 code [0x00000257cd2aad00, 0x00000257cd2ab250]
Event: 2.504 Thread 0x00000257de248ed0 nmethod 822% 0x00000257d4c70d10 code [0x00000257d4c70ec0, 0x00000257d4c71248]
Event: 2.504 Thread 0x00000257de248ed0  825   !   4       java.util.jar.Attributes::read (494 bytes)
Event: 2.505 Thread 0x00000257de2bebd0  830 %     3       java.math.BigInteger::implMultiplyToLen @ 135 (216 bytes)
Event: 2.506 Thread 0x00000257de2bebd0 nmethod 830% 0x00000257cd2ab410 code [0x00000257cd2ab620, 0x00000257cd2abd08]
Event: 2.506 Thread 0x00000257de2bebd0  831       3       java.math.BigInteger::implMultiplyToLen (216 bytes)
Event: 2.506 Thread 0x00000257de2bebd0 nmethod 831 0x00000257cd2ac190 code [0x00000257cd2ac380, 0x00000257cd2ac928]
Event: 2.512 Thread 0x00000257de2bebd0  833       3       java.util.Arrays::copyOfRange (25 bytes)
Event: 2.513 Thread 0x00000257de2bebd0 nmethod 833 0x00000257cd2acd10 code [0x00000257cd2acfc0, 0x00000257cd2adb68]
Event: 2.513 Thread 0x00000257de2bebd0  834       3       sun.security.util.DerOutputStream::putLength (147 bytes)
Event: 2.515 Thread 0x00000257de2bebd0 nmethod 834 0x00000257cd2adf90 code [0x00000257cd2ae360, 0x00000257cd2b07d8]

GC Heap History (0 events):
No events

Dll operation events (8 events):
Event: 0.006 Loaded shared library c:\Users\Admin\.vscode\extensions\redhat.java-1.40.0-win32-x64\jre\21.0.6-win32-x86_64\bin\java.dll
Event: 0.459 Loaded shared library c:\Users\Admin\.vscode\extensions\redhat.java-1.40.0-win32-x64\jre\21.0.6-win32-x86_64\bin\zip.dll
Event: 0.544 Loaded shared library C:\Users\Admin\.vscode\extensions\redhat.java-1.40.0-win32-x64\jre\21.0.6-win32-x86_64\bin\instrument.dll
Event: 0.568 Loaded shared library C:\Users\Admin\.vscode\extensions\redhat.java-1.40.0-win32-x64\jre\21.0.6-win32-x86_64\bin\net.dll
Event: 0.570 Loaded shared library C:\Users\Admin\.vscode\extensions\redhat.java-1.40.0-win32-x64\jre\21.0.6-win32-x86_64\bin\nio.dll
Event: 0.574 Loaded shared library C:\Users\Admin\.vscode\extensions\redhat.java-1.40.0-win32-x64\jre\21.0.6-win32-x86_64\bin\zip.dll
Event: 0.629 Loaded shared library C:\Users\Admin\.vscode\extensions\redhat.java-1.40.0-win32-x64\jre\21.0.6-win32-x86_64\bin\jimage.dll
Event: 0.928 Loaded shared library c:\Users\Admin\.vscode\extensions\redhat.java-1.40.0-win32-x64\jre\21.0.6-win32-x86_64\bin\verify.dll

Deoptimization events (20 events):
Event: 2.118 Thread 0x00000257c9f55b50 Uncommon trap: trap_request=0xffffffde fr.pc=0x00000257d4c2cc54 relative=0x00000000000008f4
Event: 2.118 Thread 0x00000257c9f55b50 Uncommon trap: reason=class_check action=maybe_recompile pc=0x00000257d4c2cc54 method=java.util.HashMap.putVal(ILjava/lang/Object;Ljava/lang/Object;ZZ)Ljava/lang/Object; @ 91 c2
Event: 2.118 Thread 0x00000257c9f55b50 DEOPT PACKING pc=0x00000257d4c2cc54 sp=0x000000836eafe170
Event: 2.118 Thread 0x00000257c9f55b50 DEOPT UNPACKING pc=0x00000257d46e3a9c sp=0x000000836eafe0f0 mode 2
Event: 2.127 Thread 0x00000257c9f55b50 DEOPT PACKING pc=0x00000257cd260b04 sp=0x000000836eafdb00
Event: 2.127 Thread 0x00000257c9f55b50 DEOPT UNPACKING pc=0x00000257d46e4223 sp=0x000000836eafcf58 mode 0
Event: 2.127 Thread 0x00000257c9f55b50 Uncommon trap: trap_request=0xffffff6e fr.pc=0x00000257d4c63930 relative=0x0000000000000190
Event: 2.127 Thread 0x00000257c9f55b50 Uncommon trap: reason=loop_limit_check action=maybe_recompile pc=0x00000257d4c63930 method=java.math.BigInteger.implMulAdd([I[IIII)I @ 26 c2
Event: 2.127 Thread 0x00000257c9f55b50 DEOPT PACKING pc=0x00000257d4c63930 sp=0x000000836eafdb10
Event: 2.127 Thread 0x00000257c9f55b50 DEOPT UNPACKING pc=0x00000257d46e3a9c sp=0x000000836eafda60 mode 2
Event: 2.330 Thread 0x00000257c9f55b50 Uncommon trap: trap_request=0xffffff45 fr.pc=0x00000257d4c5049c relative=0x000000000000053c
Event: 2.330 Thread 0x00000257c9f55b50 Uncommon trap: reason=unstable_if action=reinterpret pc=0x00000257d4c5049c method=java.lang.AbstractStringBuilder.append(Ljava/lang/String;)Ljava/lang/AbstractStringBuilder; @ 1 c2
Event: 2.330 Thread 0x00000257c9f55b50 DEOPT PACKING pc=0x00000257d4c5049c sp=0x000000836eafe110
Event: 2.330 Thread 0x00000257c9f55b50 DEOPT UNPACKING pc=0x00000257d46e3a9c sp=0x000000836eafe0a0 mode 2
Event: 2.397 Thread 0x00000257c9f55b50 DEOPT PACKING pc=0x00000257cd27625d sp=0x000000836eafe410
Event: 2.397 Thread 0x00000257c9f55b50 DEOPT UNPACKING pc=0x00000257d46e4223 sp=0x000000836eafd888 mode 0
Event: 2.507 Thread 0x00000257c9f55b50 Uncommon trap: trap_request=0xffffffde fr.pc=0x00000257d4c2cc54 relative=0x00000000000008f4
Event: 2.507 Thread 0x00000257c9f55b50 Uncommon trap: reason=class_check action=maybe_recompile pc=0x00000257d4c2cc54 method=java.util.HashMap.putVal(ILjava/lang/Object;Ljava/lang/Object;ZZ)Ljava/lang/Object; @ 91 c2
Event: 2.507 Thread 0x00000257c9f55b50 DEOPT PACKING pc=0x00000257d4c2cc54 sp=0x000000836eafea10
Event: 2.507 Thread 0x00000257c9f55b50 DEOPT UNPACKING pc=0x00000257d46e3a9c sp=0x000000836eafe9c0 mode 2

Classes loaded (20 events):
Event: 2.399 Loading class sun/nio/fs/WindowsFileSystemProvider$1
Event: 2.399 Loading class sun/nio/fs/WindowsFileSystemProvider$1 done
Event: 2.399 Loading class sun/nio/fs/WindowsLinkSupport
Event: 2.400 Loading class sun/nio/fs/WindowsLinkSupport done
Event: 2.400 Loading class sun/nio/fs/WindowsAclFileAttributeView
Event: 2.400 Loading class sun/nio/fs/AbstractAclFileAttributeView
Event: 2.400 Loading class java/nio/file/attribute/AclFileAttributeView
Event: 2.400 Loading class java/nio/file/attribute/FileOwnerAttributeView
Event: 2.421 Loading class java/nio/file/attribute/FileOwnerAttributeView done
Event: 2.421 Loading class java/nio/file/attribute/AclFileAttributeView done
Event: 2.423 Loading class sun/nio/fs/AbstractAclFileAttributeView done
Event: 2.423 Loading class sun/nio/fs/WindowsAclFileAttributeView done
Event: 2.423 Loading class sun/nio/fs/WindowsSecurity
Event: 2.423 Loading class sun/nio/fs/WindowsSecurity done
Event: 2.426 Loading class sun/nio/fs/WindowsFileStore
Event: 2.426 Loading class java/nio/file/FileStore
Event: 2.426 Loading class java/nio/file/FileStore done
Event: 2.426 Loading class sun/nio/fs/WindowsFileStore done
Event: 2.429 Loading class java/net/URLClassLoader$1
Event: 2.429 Loading class java/net/URLClassLoader$1 done

Classes unloaded (0 events):
No events

Classes redefined (0 events):
No events

Internal exceptions (19 events):
Event: 0.437 Thread 0x00000257c9f55b50 Exception <a 'java/lang/NoSuchMethodError'{0x00000000ead29e80}: 'void java.lang.invoke.DirectMethodHandle$Holder.invokeStatic(java.lang.Object, java.lang.Object, java.lang.Object)'> (0x00000000ead29e80) 
thrown [s\src\hotspot\share\interpreter\linkResolver.cpp, line 773]
Event: 0.617 Thread 0x00000257c9f55b50 Exception <a 'java/lang/NoSuchMethodError'{0x00000000eae92660}: 'java.lang.Object java.lang.invoke.Invokers$Holder.invokeExact_MT(java.lang.Object, java.lang.Object, java.lang.Object, java.lang.Object, java.lang.Object)'> (0x00000000eae92660) 
thrown [s\src\hotspot\share\interpreter\linkResolver.cpp, line 773]
Event: 0.745 Thread 0x00000257c9f55b50 Exception <a 'java/lang/NoSuchMethodError'{0x00000000eaf4bda0}: 'int java.lang.invoke.DirectMethodHandle$Holder.invokeSpecial(java.lang.Object, java.lang.Object, java.lang.Object, int)'> (0x00000000eaf4bda0) 
thrown [s\src\hotspot\share\interpreter\linkResolver.cpp, line 773]
Event: 0.829 Thread 0x00000257c9f55b50 Exception <a 'java/lang/NoSuchMethodError'{0x00000000eaf5e788}: 'java.lang.Object java.lang.invoke.DirectMethodHandle$Holder.invokeStatic(java.lang.Object, java.lang.Object, java.lang.Object, java.lang.Object, int)'> (0x00000000eaf5e788) 
thrown [s\src\hotspot\share\interpreter\linkResolver.cpp, line 773]
Event: 0.831 Thread 0x00000257c9f55b50 Exception <a 'java/lang/NoSuchMethodError'{0x00000000eaf69bc8}: 'void java.lang.invoke.DelegatingMethodHandle$Holder.reinvoke_L(java.lang.Object, java.lang.Object, java.lang.Object, int, java.lang.Object)'> (0x00000000eaf69bc8) 
thrown [s\src\hotspot\share\interpreter\linkResolver.cpp, line 773]
Event: 0.835 Thread 0x00000257c9f55b50 Exception <a 'java/lang/NoSuchMethodError'{0x00000000eaf7a518}: 'int java.lang.invoke.DirectMethodHandle$Holder.invokeSpecial(java.lang.Object, java.lang.Object, java.lang.Object)'> (0x00000000eaf7a518) 
thrown [s\src\hotspot\share\interpreter\linkResolver.cpp, line 773]
Event: 0.838 Thread 0x00000257c9f55b50 Exception <a 'java/lang/NoSuchMethodError'{0x00000000eaf861d8}: 'java.lang.Object java.lang.invoke.DirectMethodHandle$Holder.invokeStatic(java.lang.Object, java.lang.Object, int)'> (0x00000000eaf861d8) 
thrown [s\src\hotspot\share\interpreter\linkResolver.cpp, line 773]
Event: 0.839 Thread 0x00000257c9f55b50 Exception <a 'java/lang/NoSuchMethodError'{0x00000000eaf8ab28}: 'void java.lang.invoke.DirectMethodHandle$Holder.invokeStatic(java.lang.Object, java.lang.Object, int, java.lang.Object)'> (0x00000000eaf8ab28) 
thrown [s\src\hotspot\share\interpreter\linkResolver.cpp, line 773]
Event: 0.839 Thread 0x00000257c9f55b50 Exception <a 'java/lang/NoSuchMethodError'{0x00000000eaf8e6b8}: 'void java.lang.invoke.DirectMethodHandle$Holder.invokeSpecial(java.lang.Object, java.lang.Object, java.lang.Object, int, java.lang.Object)'> (0x00000000eaf8e6b8) 
thrown [s\src\hotspot\share\interpreter\linkResolver.cpp, line 773]
Event: 0.840 Thread 0x00000257c9f55b50 Exception <a 'java/lang/NoSuchMethodError'{0x00000000eaf91b28}: 'void java.lang.invoke.DelegatingMethodHandle$Holder.delegate(java.lang.Object, java.lang.Object, int, java.lang.Object)'> (0x00000000eaf91b28) 
thrown [s\src\hotspot\share\interpreter\linkResolver.cpp, line 773]
Event: 1.032 Thread 0x00000257c9f55b50 Exception <a 'java/lang/NoSuchMethodError'{0x00000000eb14e548}: 'void java.lang.invoke.DelegatingMethodHandle$Holder.reinvoke_L(java.lang.Object, java.lang.Object, java.lang.Object, int)'> (0x00000000eb14e548) 
thrown [s\src\hotspot\share\interpreter\linkResolver.cpp, line 773]
Event: 1.594 Thread 0x00000257c9f55b50 Exception <a 'java/lang/NoSuchMethodError'{0x00000000eb5d4ea8}: 'void java.lang.invoke.DirectMethodHandle$Holder.invokeVirtual(java.lang.Object, java.lang.Object)'> (0x00000000eb5d4ea8) 
thrown [s\src\hotspot\share\interpreter\linkResolver.cpp, line 773]
Event: 2.238 Thread 0x00000257c9f55b50 Exception <a 'java/lang/ClassNotFoundException'{0x00000000eb9cb2c0}: sun/net/www/protocol/c/Handler> (0x00000000eb9cb2c0) 
thrown [s\src\hotspot\share\classfile\systemDictionary.cpp, line 312]
Event: 2.257 Thread 0x00000257c9f55b50 Exception <a 'java/io/FileNotFoundException'{0x00000000eb9e3d00}> (0x00000000eb9e3d00) 
thrown [s\src\hotspot\share\prims\jni.cpp, line 520]
Event: 2.260 Thread 0x00000257c9f55b50 Exception <a 'java/io/FileNotFoundException'{0x00000000eb9e4a68}> (0x00000000eb9e4a68) 
thrown [s\src\hotspot\share\prims\jni.cpp, line 520]
Event: 2.260 Thread 0x00000257c9f55b50 Exception <a 'java/io/FileNotFoundException'{0x00000000eb9e57b0}> (0x00000000eb9e57b0) 
thrown [s\src\hotspot\share\prims\jni.cpp, line 520]
Event: 2.261 Thread 0x00000257c9f55b50 Exception <a 'java/io/FileNotFoundException'{0x00000000eb9e6328}> (0x00000000eb9e6328) 
thrown [s\src\hotspot\share\prims\jni.cpp, line 520]
Event: 2.330 Thread 0x00000257c9f55b50 Implicit null exception at 0x00000257d4c4ffa4 to 0x00000257d4c5048c
Event: 2.342 Thread 0x00000257c9f55b50 Exception <a 'java/io/FileNotFoundException'{0x00000000eba1e920}> (0x00000000eba1e920) 
thrown [s\src\hotspot\share\prims\jni.cpp, line 520]

ZGC Phase Switch (0 events):
No events

VM Operations (10 events):
Event: 0.453 Executing VM operation: HandshakeAllThreads (Deoptimize)
Event: 0.453 Executing VM operation: HandshakeAllThreads (Deoptimize) done
Event: 0.720 Executing VM operation: HandshakeAllThreads (Deoptimize)
Event: 0.720 Executing VM operation: HandshakeAllThreads (Deoptimize) done
Event: 1.734 Executing VM operation: Cleanup
Event: 1.734 Executing VM operation: Cleanup done
Event: 2.145 Executing VM operation: HandshakeAllThreads (Deoptimize)
Event: 2.145 Executing VM operation: HandshakeAllThreads (Deoptimize) done
Event: 2.233 Executing VM operation: HandshakeAllThreads (Deoptimize)
Event: 2.233 Executing VM operation: HandshakeAllThreads (Deoptimize) done

Memory protections (0 events):
No events

Nmethod flushes (0 events):
No events

Events (11 events):
Event: 0.027 Thread 0x00000257c9f55b50 Thread added: 0x00000257c9f55b50
Event: 0.116 Thread 0x00000257c9f55b50 Thread added: 0x00000257de23f4a0
Event: 0.116 Thread 0x00000257c9f55b50 Thread added: 0x00000257de240d00
Event: 0.117 Thread 0x00000257c9f55b50 Thread added: 0x00000257de242c20
Event: 0.117 Thread 0x00000257c9f55b50 Thread added: 0x00000257de243b30
Event: 0.117 Thread 0x00000257c9f55b50 Thread added: 0x00000257de247700
Event: 0.117 Thread 0x00000257c9f55b50 Thread added: 0x00000257de248150
Event: 0.117 Thread 0x00000257c9f55b50 Thread added: 0x00000257de248ed0
Event: 0.229 Thread 0x00000257c9f55b50 Thread added: 0x00000257de2bebd0
Event: 0.336 Thread 0x00000257c9f55b50 Thread added: 0x00000257ca01dea0
Event: 1.229 Thread 0x00000257c9f55b50 Thread added: 0x00000257debe1170


Dynamic libraries:
0x00007ff605330000 - 0x00007ff60533e000 	c:\Users\Admin\.vscode\extensions\redhat.java-1.40.0-win32-x64\jre\21.0.6-win32-x86_64\bin\java.exe
0x00007ff8c57f0000 - 0x00007ff8c59e8000 	C:\Windows\SYSTEM32\ntdll.dll
0x00007ff8c3f50000 - 0x00007ff8c400d000 	C:\Windows\System32\KERNEL32.DLL
0x00007ff8c2ef0000 - 0x00007ff8c31c3000 	C:\Windows\System32\KERNELBASE.dll
0x00007ff8c32b0000 - 0x00007ff8c33b0000 	C:\Windows\System32\ucrtbase.dll
0x00007ff8ba670000 - 0x00007ff8ba688000 	c:\Users\Admin\.vscode\extensions\redhat.java-1.40.0-win32-x64\jre\21.0.6-win32-x86_64\bin\jli.dll
0x00007ff8c3d30000 - 0x00007ff8c3ece000 	C:\Windows\System32\USER32.dll
0x00007ff8c3620000 - 0x00007ff8c3642000 	C:\Windows\System32\win32u.dll
0x00007ff8c4010000 - 0x00007ff8c403c000 	C:\Windows\System32\GDI32.dll
0x00007ff8c3730000 - 0x00007ff8c3844000 	C:\Windows\System32\gdi32full.dll
0x00007ff8c3420000 - 0x00007ff8c34bd000 	C:\Windows\System32\msvcp_win.dll
0x00007ff8ba380000 - 0x00007ff8ba39e000 	c:\Users\Admin\.vscode\extensions\redhat.java-1.40.0-win32-x64\jre\21.0.6-win32-x86_64\bin\VCRUNTIME140.dll
0x00007ff8b50a0000 - 0x00007ff8b533a000 	C:\Windows\WinSxS\amd64_microsoft.windows.common-controls_6595b64144ccf1df_6.0.19041.1110_none_60b5254171f9507e\COMCTL32.dll
0x00007ff8c38b0000 - 0x00007ff8c394e000 	C:\Windows\System32\msvcrt.dll
0x00007ff8c40b0000 - 0x00007ff8c40e0000 	C:\Windows\System32\IMM32.DLL
0x00007ff8bef30000 - 0x00007ff8bef3c000 	c:\Users\Admin\.vscode\extensions\redhat.java-1.40.0-win32-x64\jre\21.0.6-win32-x86_64\bin\vcruntime140_1.dll
0x00007ff8a89b0000 - 0x00007ff8a8a3d000 	c:\Users\Admin\.vscode\extensions\redhat.java-1.40.0-win32-x64\jre\21.0.6-win32-x86_64\bin\msvcp140.dll
0x00007ff890b30000 - 0x00007ff8918c0000 	c:\Users\Admin\.vscode\extensions\redhat.java-1.40.0-win32-x64\jre\21.0.6-win32-x86_64\bin\server\jvm.dll
0x00007ff8c3b20000 - 0x00007ff8c3bce000 	C:\Windows\System32\ADVAPI32.dll
0x00007ff8c4150000 - 0x00007ff8c41ec000 	C:\Windows\System32\sechost.dll
0x00007ff8c3be0000 - 0x00007ff8c3d05000 	C:\Windows\System32\RPCRT4.dll
0x00007ff8c4940000 - 0x00007ff8c49ab000 	C:\Windows\System32\WS2_32.dll
0x00007ff8c2da0000 - 0x00007ff8c2deb000 	C:\Windows\SYSTEM32\POWRPROF.dll
0x00007ff8b4120000 - 0x00007ff8b4147000 	C:\Windows\SYSTEM32\WINMM.dll
0x00007ff8b7560000 - 0x00007ff8b756a000 	C:\Windows\SYSTEM32\VERSION.dll
0x00007ff8c2d40000 - 0x00007ff8c2d52000 	C:\Windows\SYSTEM32\UMPDC.dll
0x00007ff8c0db0000 - 0x00007ff8c0dc2000 	C:\Windows\SYSTEM32\kernel.appcore.dll
0x00007ff8bdc50000 - 0x00007ff8bdc5a000 	c:\Users\Admin\.vscode\extensions\redhat.java-1.40.0-win32-x64\jre\21.0.6-win32-x86_64\bin\jimage.dll
0x00007ff8b5370000 - 0x00007ff8b5554000 	C:\Windows\SYSTEM32\DBGHELP.DLL
0x00007ff8b3df0000 - 0x00007ff8b3e1c000 	C:\Windows\SYSTEM32\dbgcore.DLL
0x00007ff8c31d0000 - 0x00007ff8c3252000 	C:\Windows\System32\bcryptPrimitives.dll
0x00007ff8bd0d0000 - 0x00007ff8bd0df000 	c:\Users\Admin\.vscode\extensions\redhat.java-1.40.0-win32-x64\jre\21.0.6-win32-x86_64\bin\instrument.dll
0x00007ff8b6ff0000 - 0x00007ff8b700f000 	c:\Users\Admin\.vscode\extensions\redhat.java-1.40.0-win32-x64\jre\21.0.6-win32-x86_64\bin\java.dll
0x00007ff8c41f0000 - 0x00007ff8c4933000 	C:\Windows\System32\SHELL32.dll
0x00007ff8c0fb0000 - 0x00007ff8c1744000 	C:\Windows\SYSTEM32\windows.storage.dll
0x00007ff8c4df0000 - 0x00007ff8c5144000 	C:\Windows\System32\combase.dll
0x00007ff8c2870000 - 0x00007ff8c28a0000 	C:\Windows\SYSTEM32\Wldp.dll
0x00007ff8c3950000 - 0x00007ff8c39fd000 	C:\Windows\System32\SHCORE.dll
0x00007ff8c4050000 - 0x00007ff8c40a5000 	C:\Windows\System32\shlwapi.dll
0x00007ff8c2e30000 - 0x00007ff8c2e4f000 	C:\Windows\SYSTEM32\profapi.dll
0x00007ff8b3ae0000 - 0x00007ff8b3af8000 	c:\Users\Admin\.vscode\extensions\redhat.java-1.40.0-win32-x64\jre\21.0.6-win32-x86_64\bin\zip.dll
0x00007ff8bc320000 - 0x00007ff8bc330000 	C:\Users\Admin\.vscode\extensions\redhat.java-1.40.0-win32-x64\jre\21.0.6-win32-x86_64\bin\net.dll
0x00007ff8bcf40000 - 0x00007ff8bd04d000 	C:\Windows\SYSTEM32\WINHTTP.dll
0x00007ff8c25d0000 - 0x00007ff8c263a000 	C:\Windows\system32\mswsock.dll
0x00007ff8b2f50000 - 0x00007ff8b2f66000 	C:\Users\Admin\.vscode\extensions\redhat.java-1.40.0-win32-x64\jre\21.0.6-win32-x86_64\bin\nio.dll
0x00007ff8bc300000 - 0x00007ff8bc310000 	c:\Users\Admin\.vscode\extensions\redhat.java-1.40.0-win32-x64\jre\21.0.6-win32-x86_64\bin\verify.dll

dbghelp: loaded successfully - version: 4.0.5 - missing functions: none
symbol engine: initialized successfully - sym options: 0x614 - pdb path: .;c:\Users\Admin\.vscode\extensions\redhat.java-1.40.0-win32-x64\jre\21.0.6-win32-x86_64\bin;C:\Windows\SYSTEM32;C:\Windows\WinSxS\amd64_microsoft.windows.common-controls_6595b64144ccf1df_6.0.19041.1110_none_60b5254171f9507e;c:\Users\Admin\.vscode\extensions\redhat.java-1.40.0-win32-x64\jre\21.0.6-win32-x86_64\bin\server

VM Arguments:
jvm_args: --add-modules=ALL-SYSTEM --add-opens=java.base/java.util=ALL-UNNAMED --add-opens=java.base/java.lang=ALL-UNNAMED --add-opens=java.base/sun.nio.fs=ALL-UNNAMED -Declipse.application=org.eclipse.jdt.ls.core.id1 -Dosgi.bundles.defaultStartLevel=4 -Declipse.product=org.eclipse.jdt.ls.core.product -Djava.import.generatesMetadataFilesAtProjectRoot=false -DDetectVMInstallationsJob.disabled=true -Dfile.encoding=utf8 -XX:+UseParallelGC -XX:GCTimeRatio=4 -XX:AdaptiveSizePolicyWeight=90 -Dsun.zip.disableMemoryMapping=true -Xmx1G -Xms100m -Xlog:disable -javaagent:c:\Users\Admin\.vscode\extensions\redhat.java-1.40.0-win32-x64\lombok\lombok-1.18.36.jar -XX:+HeapDumpOnOutOfMemoryError -XX:HeapDumpPath=c:\Users\Admin\AppData\Roaming\Code\User\workspaceStorage\f9e950fe48b17e5db849d738e7c9aa1b\redhat.java -Daether.dependencyCollector.impl=bf 
java_command: c:\Users\Admin\.vscode\extensions\redhat.java-1.40.0-win32-x64\server\plugins\org.eclipse.equinox.launcher_1.6.1000.v20250131-0606.jar -configuration c:\Users\Admin\AppData\Roaming\Code\User\globalStorage\redhat.java\1.40.0\config_win -data c:\Users\Admin\AppData\Roaming\Code\User\workspaceStorage\f9e950fe48b17e5db849d738e7c9aa1b\redhat.java\jdt_ws --pipe=\\.\pipe\lsp-bba0498eb404d9db55f441e38c97d99a-sock
java_class_path (initial): c:\Users\Admin\.vscode\extensions\redhat.java-1.40.0-win32-x64\server\plugins\org.eclipse.equinox.launcher_1.6.1000.v20250131-0606.jar
Launcher Type: SUN_STANDARD

[Global flags]
    uintx AdaptiveSizePolicyWeight                 = 90                                        {product} {command line}
     intx CICompilerCount                          = 2                                         {product} {ergonomic}
    uintx GCTimeRatio                              = 4                                         {product} {command line}
     bool HeapDumpOnOutOfMemoryError               = true                                   {manageable} {command line}
    ccstr HeapDumpPath                             = c:\Users\Admin\AppData\Roaming\Code\User\workspaceStorage\f9e950fe48b17e5db849d738e7c9aa1b\redhat.java         {manageable} {command line}
   size_t InitialHeapSize                          = 104857600                                 {product} {command line}
   size_t MaxHeapSize                              = 1073741824                                {product} {command line}
   size_t MaxNewSize                               = 357564416                                 {product} {ergonomic}
   size_t MinHeapDeltaBytes                        = 524288                                    {product} {ergonomic}
   size_t MinHeapSize                              = 104857600                                 {product} {command line}
   size_t NewSize                                  = 34603008                                  {product} {ergonomic}
    uintx NonNMethodCodeHeapSize                   = 5826188                                {pd product} {ergonomic}
    uintx NonProfiledCodeHeapSize                  = 122916026                              {pd product} {ergonomic}
   size_t OldSize                                  = 70254592                                  {product} {ergonomic}
    uintx ProfiledCodeHeapSize                     = 122916026                              {pd product} {ergonomic}
    uintx ReservedCodeCacheSize                    = 251658240                              {pd product} {ergonomic}
     bool SegmentedCodeCache                       = true                                      {product} {ergonomic}
   size_t SoftMaxHeapSize                          = 1073741824                             {manageable} {ergonomic}
     bool UseCompressedOops                        = true                           {product lp64_product} {ergonomic}
     bool UseLargePagesIndividualAllocation        = false                                  {pd product} {ergonomic}
     bool UseParallelGC                            = true                                      {product} {command line}

Logging:
Log output configuration:
 #0: stdout all=off uptime,level,tags foldmultilines=false
 #1: stderr all=off uptime,level,tags foldmultilines=false

Environment Variables:
JAVA_HOME=C:\Program Files\Eclipse Adoptium\jre-17.0.13.11-hotspot\
PATH=C:\Program Files\Eclipse Adoptium\jre-17.0.13.11-hotspot\bin;C:\Program Files\Eclipse Adoptium\jdk-17.0.13.11-hotspot\bin;C:\ProgramData\Oracle\Java\javapath;C:\Windows\system32;C:\Windows;C:\Windows\System32\Wbem;C:\Windows\System32\WindowsPowerShell\v1.0\;C:\Windows\System32\OpenSSH\;C:\Program Files\MySQL\MySQL Shell 8.0\bin\;C:\Users\Admin\AppData\Local\Programs\Python\Python312\Scripts\;C:\Users\Admin\AppData\Local\Programs\Python\Python312\;C:\Users\Admin\AppData\Local\Microsoft\WindowsApps;C:\Users\Admin\AppData\Local\Programs\Microsoft VS Code\bin
USERNAME=Admin
OS=Windows_NT
PROCESSOR_IDENTIFIER=Intel64 Family 6 Model 156 Stepping 0, GenuineIntel
TMP=C:\Users\Admin\AppData\Local\Temp
TEMP=C:\Users\Admin\AppData\Local\Temp




Periodic native trim disabled

---------------  S Y S T E M  ---------------

OS:
 Windows 10 , 64 bit Build 19041 (10.0.19041.1889)
OS uptime: 3 days 0:17 hours

CPU: total 2 (initial active 2) (2 cores per cpu, 1 threads per core) family 6 model 156 stepping 0 microcode 0x2400001f, cx8, cmov, fxsr, mmx, 3dnowpref, sse, sse2, sse3, ssse3, sse4.1, sse4.2, popcnt, tsc, tscinvbit, aes, erms, clmul, sha, clflush, clflushopt, clwb, rdtscp, rdpid
Processor Information for the first 2 processors :
  Max Mhz: 1114, Current Mhz: 1114, Mhz Limit: 1114

Memory: 4k page, system-wide physical 3901M (674M free)
TotalPageFile size 3901M (AvailPageFile size 1M)
current process WorkingSet (physical memory assigned to process): 62M, peak: 62M
current process commit charge ("private bytes"): 177M, peak: 178M

vm_info: OpenJDK 64-Bit Server VM (21.0.6+7-LTS) for windows-amd64 JRE (21.0.6+7-LTS), built on 2025-01-21T00:00:00Z by "admin" with MS VC++ 17.7 (VS2022)

END.
