#
# There is insufficient memory for the Java Runtime Environment to continue.
# Native memory allocation (malloc) failed to allocate 172672 bytes. Error detail: Chunk::new
# Possible reasons:
#   The system is out of physical RAM or swap space
#   This process is running with CompressedOops enabled, and the Java Heap may be blocking the growth of the native heap
# Possible solutions:
#   Reduce memory load on the system
#   Increase physical memory or swap space
#   Check if swap backing store is full
#   Decrease Java heap size (-Xmx/-Xms)
#   Decrease number of Java threads
#   Decrease Java thread stack sizes (-Xss)
#   Set larger code cache with -XX:ReservedCodeCacheSize=
#   JVM is running with Unscaled Compressed Oops mode in which the Java heap is
#     placed in the first 4GB address space. The Java Heap base address is the
#     maximum limit for the native heap growth. Please use -XX:HeapBaseMinAddress
#     to set the Java Heap base and to place the Java Heap above 4GB virtual address.
# This output file may be truncated or incomplete.
#
#  Out of Memory Error (arena.cpp:168), pid=5740, tid=4984
#
# JRE version: OpenJDK Runtime Environment Temurin-21.0.6+7 (21.0.6+7) (build 21.0.6+7-LTS)
# Java VM: OpenJDK 64-Bit Server VM Temurin-21.0.6+7 (21.0.6+7-LTS, mixed mode, sharing, tiered, compressed oops, compressed class ptrs, parallel gc, windows-amd64)
# No core dump will be written. Minidumps are not enabled by default on client versions of Windows
#

---------------  S U M M A R Y ------------

Command Line: --add-modules=ALL-SYSTEM --add-opens=java.base/java.util=ALL-UNNAMED --add-opens=java.base/java.lang=ALL-UNNAMED --add-opens=java.base/sun.nio.fs=ALL-UNNAMED -Declipse.application=org.eclipse.jdt.ls.core.id1 -Dosgi.bundles.defaultStartLevel=4 -Declipse.product=org.eclipse.jdt.ls.core.product -Djava.import.generatesMetadataFilesAtProjectRoot=false -DDetectVMInstallationsJob.disabled=true -Dfile.encoding=utf8 -XX:+UseParallelGC -XX:GCTimeRatio=4 -XX:AdaptiveSizePolicyWeight=90 -Dsun.zip.disableMemoryMapping=true -Xmx1G -Xms100m -Xlog:disable -javaagent:c:\Users\Admin\.vscode\extensions\redhat.java-1.40.0-win32-x64\lombok\lombok-1.18.36.jar c:\Users\Admin\.vscode\extensions\redhat.java-1.40.0-win32-x64\server\plugins\org.eclipse.equinox.launcher_1.6.1000.v20250131-0606.jar -configuration c:\Users\Admin\AppData\Roaming\Code\User\globalStorage\redhat.java\1.40.0\config_ss_win -data c:\Users\Admin\AppData\Roaming\Code\User\workspaceStorage\f9e950fe48b17e5db849d738e7c9aa1b\redhat.java\ss_ws --pipe=\\.\pipe\lsp-2b797f69524568c87fc67f62f86c4b88-sock

Host: Intel(R) Celeron(R) N4500 @ 1.10GHz, 2 cores, 3G,  Windows 10 , 64 bit Build 19041 (10.0.19041.1889)
Time: Tue Mar 18 13:25:57 2025 Hora est. Pacífico, Sudamérica elapsed time: 3.805642 seconds (0d 0h 0m 3s)

---------------  T H R E A D  ---------------

Current thread (0x00000202b96b8050):  JavaThread "C2 CompilerThread0" daemon [_thread_in_native, id=4984, stack(0x0000000db3900000,0x0000000db3a00000) (1024K)]


Current CompileTask:
C2:3805 1593       4       java.util.HashMap::put (13 bytes)

Stack: [0x0000000db3900000,0x0000000db3a00000]
Native frames: (J=compiled Java code, j=interpreted, Vv=VM code, C=native code)
V  [jvm.dll+0x6cdee9]
V  [jvm.dll+0x8a83d1]
V  [jvm.dll+0x8aa8fe]
V  [jvm.dll+0x8aafe3]
V  [jvm.dll+0x27f706]
V  [jvm.dll+0xc500d]
V  [jvm.dll+0xc5543]
V  [jvm.dll+0x3b678c]
V  [jvm.dll+0x382935]
V  [jvm.dll+0x381d9a]
V  [jvm.dll+0x2479f0]
V  [jvm.dll+0x246fcf]
V  [jvm.dll+0x1c75ee]
V  [jvm.dll+0x25685a]
V  [jvm.dll+0x254dfa]
V  [jvm.dll+0x3f0256]
V  [jvm.dll+0x851f8b]
V  [jvm.dll+0x6cc5ed]
C  [ucrtbase.dll+0x21bb2]
C  [KERNEL32.DLL+0x17034]
C  [ntdll.dll+0x526a1]


---------------  P R O C E S S  ---------------

Threads class SMR info:
_java_thread_list=0x00000202ff856600, length=12, elements={
0x00000202a53c7610, 0x00000202b96acb90, 0x00000202b96ae3f0, 0x00000202b96b1c70,
0x00000202b96b4990, 0x00000202b96b67d0, 0x00000202b96b7220, 0x00000202b96b8050,
0x00000202b972b8c0, 0x00000202b977f9a0, 0x00000202ff2152c0, 0x00000202ff5fcad0
}

Java Threads: ( => current thread )
  0x00000202a53c7610 JavaThread "main"                              [_thread_in_vm, id=2644, stack(0x0000000db2f00000,0x0000000db3000000) (1024K)]
  0x00000202b96acb90 JavaThread "Reference Handler"          daemon [_thread_blocked, id=6952, stack(0x0000000db3300000,0x0000000db3400000) (1024K)]
  0x00000202b96ae3f0 JavaThread "Finalizer"                  daemon [_thread_blocked, id=6060, stack(0x0000000db3400000,0x0000000db3500000) (1024K)]
  0x00000202b96b1c70 JavaThread "Signal Dispatcher"          daemon [_thread_blocked, id=7876, stack(0x0000000db3500000,0x0000000db3600000) (1024K)]
  0x00000202b96b4990 JavaThread "Attach Listener"            daemon [_thread_blocked, id=7516, stack(0x0000000db3600000,0x0000000db3700000) (1024K)]
  0x00000202b96b67d0 JavaThread "Service Thread"             daemon [_thread_blocked, id=4404, stack(0x0000000db3700000,0x0000000db3800000) (1024K)]
  0x00000202b96b7220 JavaThread "Monitor Deflation Thread"   daemon [_thread_blocked, id=6176, stack(0x0000000db3800000,0x0000000db3900000) (1024K)]
=>0x00000202b96b8050 JavaThread "C2 CompilerThread0"         daemon [_thread_in_native, id=4984, stack(0x0000000db3900000,0x0000000db3a00000) (1024K)]
  0x00000202b972b8c0 JavaThread "C1 CompilerThread0"         daemon [_thread_blocked, id=3136, stack(0x0000000db3a00000,0x0000000db3b00000) (1024K)]
  0x00000202b977f9a0 JavaThread "Common-Cleaner"             daemon [_thread_blocked, id=7636, stack(0x0000000db3b00000,0x0000000db3c00000) (1024K)]
  0x00000202ff2152c0 JavaThread "Notification Thread"        daemon [_thread_blocked, id=1936, stack(0x0000000db3c00000,0x0000000db3d00000) (1024K)]
  0x00000202ff5fcad0 JavaThread "Active Thread: Equinox Container: 96b965fc-7348-4fb9-bd18-6b01002fb5fa"        [_thread_blocked, id=2716, stack(0x0000000db3e00000,0x0000000db3f00000) (1024K)]
Total: 12

Other Threads:
  0x00000202b96935d0 VMThread "VM Thread"                           [id=7972, stack(0x0000000db3200000,0x0000000db3300000) (1024K)]
  0x00000202b9651ae0 WatcherThread "VM Periodic Task Thread"        [id=1072, stack(0x0000000db3100000,0x0000000db3200000) (1024K)]
  0x00000202a53e5e10 WorkerThread "GC Thread#0"                     [id=7456, stack(0x0000000db3000000,0x0000000db3100000) (1024K)]
  0x00000202ff484730 WorkerThread "GC Thread#1"                     [id=5848, stack(0x0000000db3d00000,0x0000000db3e00000) (1024K)]
Total: 4

Threads with active compile tasks:
C2 CompilerThread0  3843 1593       4       java.util.HashMap::put (13 bytes)
Total: 1

VM state: not at safepoint (normal execution)

VM Mutex/Monitor currently owned by a thread:  ([mutex/lock_event])
[0x00007ff8917dc300] Metaspace_lock - owner thread: 0x00000202a53c7610

Heap address: 0x00000000c0000000, size: 1024 MB, Compressed Oops mode: 32-bit

CDS archive(s) mapped at: [0x00000202ba000000-0x00000202baba0000-0x00000202baba0000), size 12189696, SharedBaseAddress: 0x00000202ba000000, ArchiveRelocationMode: 1.
Compressed class space mapped at: 0x00000202bb000000-0x00000202fb000000, reserved size: 1073741824
Narrow klass base: 0x00000202ba000000, Narrow klass shift: 0, Narrow klass range: 0x100000000

GC Precious Log:
 CardTable entry size: 512
 CPUs: 2 total, 2 available
 Memory: 3901M
 Large Page Support: Disabled
 NUMA Support: Disabled
 Compressed Oops: Enabled (32-bit)
 Alignments: Space 512K, Generation 512K, Heap 2M
 Heap Min Capacity: 100M
 Heap Initial Capacity: 100M
 Heap Max Capacity: 1G
 Pre-touch: Disabled
 Parallel Workers: 2

Heap:
 PSYoungGen      total 29696K, used 23123K [0x00000000eab00000, 0x00000000ecc00000, 0x0000000100000000)
  eden space 25600K, 77% used [0x00000000eab00000,0x00000000ebe7b410,0x00000000ec400000)
  from space 4096K, 77% used [0x00000000ec400000,0x00000000ec7197f0,0x00000000ec800000)
  to   space 4096K, 0% used [0x00000000ec800000,0x00000000ec800000,0x00000000ecc00000)
 ParOldGen       total 68608K, used 0K [0x00000000c0000000, 0x00000000c4300000, 0x00000000eab00000)
  object space 68608K, 0% used [0x00000000c0000000,0x00000000c0000000,0x00000000c4300000)
 Metaspace       used 7436K, committed 7680K, reserved 1114112K
  class space    used 715K, committed 832K, reserved 1048576K

Card table byte_map: [0x00000202a4d80000,0x00000202a4f90000] _byte_map_base: 0x00000202a4780000

Marking Bits: (ParMarkBitMap*) 0x00007ff8917e3260
 Begin Bits: [0x00000202b75d0000, 0x00000202b85d0000)
 End Bits:   [0x00000202b85d0000, 0x00000202b95d0000)

Polling page: 0x00000202a3170000

Metaspace:

Usage:
  Non-class:      6.56 MB used.
      Class:    715.20 KB used.
       Both:      7.26 MB used.

Virtual space:
  Non-class space:       64.00 MB reserved,       6.69 MB ( 10%) committed,  1 nodes.
      Class space:        1.00 GB reserved,     832.00 KB ( <1%) committed,  1 nodes.
             Both:        1.06 GB reserved,       7.50 MB ( <1%) committed. 

Chunk freelists:
   Non-Class:  9.05 MB
       Class:  15.00 MB
        Both:  24.05 MB

MaxMetaspaceSize: unlimited
CompressedClassSpaceSize: 1.00 GB
Initial GC threshold: 21.00 MB
Current GC threshold: 21.00 MB
CDS: on
 - commit_granule_bytes: 65536.
 - commit_granule_words: 8192.
 - virtual_space_node_default_size: 8388608.
 - enlarge_chunks_in_place: 1.
 - use_allocation_guard: 0.


Internal statistics:

num_allocs_failed_limit: 0.
num_arena_births: 176.
num_arena_deaths: 0.
num_vsnodes_births: 2.
num_vsnodes_deaths: 0.
num_space_committed: 120.
num_space_uncommitted: 0.
num_chunks_returned_to_freelist: 0.
num_chunks_taken_from_freelist: 331.
num_chunk_merges: 0.
num_chunk_splits: 230.
num_chunks_enlarged: 165.
num_inconsistent_stats: 0.

CodeHeap 'non-profiled nmethods': size=120064Kb used=664Kb max_used=664Kb free=119399Kb
 bounds [0x00000202b0090000, 0x00000202b0300000, 0x00000202b75d0000]
CodeHeap 'profiled nmethods': size=120000Kb used=2900Kb max_used=2900Kb free=117099Kb
 bounds [0x00000202a85d0000, 0x00000202a88b0000, 0x00000202afb00000]
CodeHeap 'non-nmethods': size=5696Kb used=1203Kb max_used=1222Kb free=4492Kb
 bounds [0x00000202afb00000, 0x00000202afd70000, 0x00000202b0090000]
 total_blobs=2080 nmethods=1609 adapters=379
 compilation: enabled
              stopped_count=0, restarted_count=0
 full_count=0

Compilation events (20 events):
Event: 3.735 Thread 0x00000202b972b8c0 nmethod 1600 0x00000202b0133e10 code [0x00000202b0133fa0, 0x00000202b0134068]
Event: 3.735 Thread 0x00000202b972b8c0 1601       1       org.eclipse.osgi.framework.eventmgr.CopyOnWriteIdentityMap$Entry::getValue (5 bytes)
Event: 3.735 Thread 0x00000202b972b8c0 nmethod 1601 0x00000202b0134110 code [0x00000202b01342a0, 0x00000202b0134368]
Event: 3.735 Thread 0x00000202b972b8c0 1602       1       org.osgi.framework.ServiceEvent::getServiceReference (5 bytes)
Event: 3.735 Thread 0x00000202b972b8c0 nmethod 1602 0x00000202b0134410 code [0x00000202b01345a0, 0x00000202b0134668]
Event: 3.737 Thread 0x00000202b972b8c0 1603       3       java.util.jar.JarFile::verifiableEntry (55 bytes)
Event: 3.737 Thread 0x00000202b972b8c0 nmethod 1603 0x00000202a889f490 code [0x00000202a889f6c0, 0x00000202a88a00b0]
Event: 3.737 Thread 0x00000202b972b8c0 1604       3       java.util.jar.JarVerifier$VerifierStream::<init> (80 bytes)
Event: 3.738 Thread 0x00000202b972b8c0 nmethod 1604 0x00000202a88a0290 code [0x00000202a88a04a0, 0x00000202a88a0a70]
Event: 3.738 Thread 0x00000202b972b8c0 1606       1       org.eclipse.osgi.internal.serviceregistry.ServiceRegistrationImpl::getId (5 bytes)
Event: 3.738 Thread 0x00000202b972b8c0 nmethod 1606 0x00000202b0134710 code [0x00000202b01348a0, 0x00000202b0134968]
Event: 3.739 Thread 0x00000202b972b8c0 1607       1       org.eclipse.osgi.internal.serviceregistry.ServiceRegistrationImpl::getClasses (5 bytes)
Event: 3.739 Thread 0x00000202b972b8c0 nmethod 1607 0x00000202b0134a10 code [0x00000202b0134ba0, 0x00000202b0134c68]
Event: 3.795 Thread 0x00000202b96b8050 nmethod 1592 0x00000202b0134d10 code [0x00000202b0134f00, 0x00000202b0135a08]
Event: 3.796 Thread 0x00000202b96b8050 1593       4       java.util.HashMap::put (13 bytes)
Event: 3.799 Thread 0x00000202b972b8c0 1609       3       java.util.ArrayList::indexOfRange (71 bytes)
Event: 3.799 Thread 0x00000202b972b8c0 nmethod 1609 0x00000202a88a0d10 code [0x00000202a88a0f00, 0x00000202a88a1390]
Event: 3.799 Thread 0x00000202b972b8c0 1610       3       sun.security.jca.GetInstance::checkSuperClass (68 bytes)
Event: 3.800 Thread 0x00000202b972b8c0 nmethod 1610 0x00000202a88a1590 code [0x00000202a88a1840, 0x00000202a88a21a0]
Event: 3.804 Thread 0x00000202b972b8c0 1611       3       java.math.BigInteger::implSquareToLen (154 bytes)

GC Heap History (2 events):
Event: 2.236 GC heap before
{Heap before GC invocations=1 (full 0):
 PSYoungGen      total 29696K, used 25600K [0x00000000eab00000, 0x00000000ecc00000, 0x0000000100000000)
  eden space 25600K, 100% used [0x00000000eab00000,0x00000000ec400000,0x00000000ec400000)
  from space 4096K, 0% used [0x00000000ec800000,0x00000000ec800000,0x00000000ecc00000)
  to   space 4096K, 0% used [0x00000000ec400000,0x00000000ec400000,0x00000000ec800000)
 ParOldGen       total 68608K, used 0K [0x00000000c0000000, 0x00000000c4300000, 0x00000000eab00000)
  object space 68608K, 0% used [0x00000000c0000000,0x00000000c0000000,0x00000000c4300000)
 Metaspace       used 4368K, committed 4608K, reserved 1114112K
  class space    used 437K, committed 512K, reserved 1048576K
}
Event: 2.259 GC heap after
{Heap after GC invocations=1 (full 0):
 PSYoungGen      total 29696K, used 3173K [0x00000000eab00000, 0x00000000ecc00000, 0x0000000100000000)
  eden space 25600K, 0% used [0x00000000eab00000,0x00000000eab00000,0x00000000ec400000)
  from space 4096K, 77% used [0x00000000ec400000,0x00000000ec7197f0,0x00000000ec800000)
  to   space 4096K, 0% used [0x00000000ec800000,0x00000000ec800000,0x00000000ecc00000)
 ParOldGen       total 68608K, used 0K [0x00000000c0000000, 0x00000000c4300000, 0x00000000eab00000)
  object space 68608K, 0% used [0x00000000c0000000,0x00000000c0000000,0x00000000c4300000)
 Metaspace       used 4368K, committed 4608K, reserved 1114112K
  class space    used 437K, committed 512K, reserved 1048576K
}

Dll operation events (8 events):
Event: 0.007 Loaded shared library c:\Users\Admin\.vscode\extensions\redhat.java-1.40.0-win32-x64\jre\21.0.6-win32-x86_64\bin\java.dll
Event: 0.283 Loaded shared library c:\Users\Admin\.vscode\extensions\redhat.java-1.40.0-win32-x64\jre\21.0.6-win32-x86_64\bin\zip.dll
Event: 0.480 Loaded shared library C:\Users\Admin\.vscode\extensions\redhat.java-1.40.0-win32-x64\jre\21.0.6-win32-x86_64\bin\instrument.dll
Event: 0.497 Loaded shared library C:\Users\Admin\.vscode\extensions\redhat.java-1.40.0-win32-x64\jre\21.0.6-win32-x86_64\bin\net.dll
Event: 0.499 Loaded shared library C:\Users\Admin\.vscode\extensions\redhat.java-1.40.0-win32-x64\jre\21.0.6-win32-x86_64\bin\nio.dll
Event: 0.502 Loaded shared library C:\Users\Admin\.vscode\extensions\redhat.java-1.40.0-win32-x64\jre\21.0.6-win32-x86_64\bin\zip.dll
Event: 0.530 Loaded shared library C:\Users\Admin\.vscode\extensions\redhat.java-1.40.0-win32-x64\jre\21.0.6-win32-x86_64\bin\jimage.dll
Event: 0.806 Loaded shared library c:\Users\Admin\.vscode\extensions\redhat.java-1.40.0-win32-x64\jre\21.0.6-win32-x86_64\bin\verify.dll

Deoptimization events (20 events):
Event: 3.608 Thread 0x00000202a53c7610 DEOPT PACKING pc=0x00000202b01262ac sp=0x0000000db2ffe6e0
Event: 3.608 Thread 0x00000202a53c7610 DEOPT UNPACKING pc=0x00000202afb53a9c sp=0x0000000db2ffe628 mode 2
Event: 3.633 Thread 0x00000202a53c7610 Uncommon trap: trap_request=0xffffffde fr.pc=0x00000202b011c9b8 relative=0x00000000000009b8
Event: 3.633 Thread 0x00000202a53c7610 Uncommon trap: reason=class_check action=maybe_recompile pc=0x00000202b011c9b8 method=java.util.HashMap.putVal(ILjava/lang/Object;Ljava/lang/Object;ZZ)Ljava/lang/Object; @ 253 c2
Event: 3.633 Thread 0x00000202a53c7610 DEOPT PACKING pc=0x00000202b011c9b8 sp=0x0000000db2ffe570
Event: 3.633 Thread 0x00000202a53c7610 DEOPT UNPACKING pc=0x00000202afb53a9c sp=0x0000000db2ffe498 mode 2
Event: 3.635 Thread 0x00000202a53c7610 Uncommon trap: trap_request=0xffffffde fr.pc=0x00000202b011c9b8 relative=0x00000000000009b8
Event: 3.635 Thread 0x00000202a53c7610 Uncommon trap: reason=class_check action=maybe_recompile pc=0x00000202b011c9b8 method=java.util.HashMap.putVal(ILjava/lang/Object;Ljava/lang/Object;ZZ)Ljava/lang/Object; @ 253 c2
Event: 3.635 Thread 0x00000202a53c7610 DEOPT PACKING pc=0x00000202b011c9b8 sp=0x0000000db2ffe570
Event: 3.635 Thread 0x00000202a53c7610 DEOPT UNPACKING pc=0x00000202afb53a9c sp=0x0000000db2ffe498 mode 2
Event: 3.636 Thread 0x00000202a53c7610 Uncommon trap: trap_request=0xffffffde fr.pc=0x00000202b00fed00 relative=0x0000000000000920
Event: 3.636 Thread 0x00000202a53c7610 Uncommon trap: reason=class_check action=maybe_recompile pc=0x00000202b00fed00 method=java.util.HashMap.putVal(ILjava/lang/Object;Ljava/lang/Object;ZZ)Ljava/lang/Object; @ 253 c2
Event: 3.636 Thread 0x00000202a53c7610 DEOPT PACKING pc=0x00000202b00fed00 sp=0x0000000db2ffe3d0
Event: 3.636 Thread 0x00000202a53c7610 DEOPT UNPACKING pc=0x00000202afb53a9c sp=0x0000000db2ffe390 mode 2
Event: 3.802 Thread 0x00000202a53c7610 Uncommon trap: trap_request=0xffffffc6 fr.pc=0x00000202b01262ac relative=0x000000000000068c
Event: 3.802 Thread 0x00000202a53c7610 Uncommon trap: reason=bimorphic_or_optimized_type_check action=maybe_recompile pc=0x00000202b01262ac method=java.util.Collections$UnmodifiableCollection$1.<init>(Ljava/util/Collections$UnmodifiableCollection;)V @ 17 c2
Event: 3.802 Thread 0x00000202a53c7610 DEOPT PACKING pc=0x00000202b01262ac sp=0x0000000db2ffe8e0
Event: 3.802 Thread 0x00000202a53c7610 DEOPT UNPACKING pc=0x00000202afb53a9c sp=0x0000000db2ffe828 mode 2
Event: 3.803 Thread 0x00000202a53c7610 DEOPT PACKING pc=0x00000202a86d0e0b sp=0x0000000db2ffcac0
Event: 3.803 Thread 0x00000202a53c7610 DEOPT UNPACKING pc=0x00000202afb54223 sp=0x0000000db2ffbf38 mode 0

Classes loaded (20 events):
Event: 3.375 Loading class java/util/concurrent/Executors$RunnableAdapter
Event: 3.375 Loading class java/util/concurrent/Executors$RunnableAdapter done
Event: 3.376 Loading class java/util/concurrent/ThreadPoolExecutor$Worker
Event: 3.376 Loading class java/util/concurrent/ThreadPoolExecutor$Worker done
Event: 3.612 Loading class java/util/ArrayList$ListItr
Event: 3.613 Loading class java/util/ArrayList$ListItr done
Event: 3.635 Loading class java/util/ConcurrentModificationException
Event: 3.635 Loading class java/util/ConcurrentModificationException done
Event: 3.704 Loading class java/util/LinkedList
Event: 3.704 Loading class java/util/AbstractSequentialList
Event: 3.704 Loading class java/util/AbstractSequentialList done
Event: 3.705 Loading class java/util/LinkedList done
Event: 3.715 Loading class java/net/ContentHandlerFactory
Event: 3.715 Loading class java/net/ContentHandlerFactory done
Event: 3.718 Loading class java/net/ContentHandler
Event: 3.718 Loading class java/net/ContentHandler done
Event: 3.739 Loading class javax/xml/parsers/ParserConfigurationException
Event: 3.739 Loading class javax/xml/parsers/ParserConfigurationException done
Event: 3.742 Loading class java/security/KeyStoreException
Event: 3.742 Loading class java/security/KeyStoreException done

Classes unloaded (0 events):
No events

Classes redefined (0 events):
No events

Internal exceptions (20 events):
Event: 2.006 Thread 0x00000202a53c7610 Exception <a 'java/io/FileNotFoundException'{0x00000000ec272900}> (0x00000000ec272900) 
thrown [s\src\hotspot\share\prims\jni.cpp, line 520]
Event: 2.137 Thread 0x00000202a53c7610 Implicit null exception at 0x00000202b00db7c9 to 0x00000202b00dc130
Event: 2.137 Thread 0x00000202a53c7610 Implicit null exception at 0x00000202b00ed89a to 0x00000202b00edaa4
Event: 2.138 Thread 0x00000202a53c7610 Exception <a 'java/lang/NoSuchMethodError'{0x00000000ec39cc78}: 'void java.lang.invoke.DirectMethodHandle$Holder.invokeStatic(java.lang.Object, java.lang.Object, java.lang.Object, java.lang.Object)'> (0x00000000ec39cc78) 
thrown [s\src\hotspot\share\interpreter\linkResolver.cpp, line 773]
Event: 2.139 Thread 0x00000202a53c7610 Implicit null exception at 0x00000202b00e749a to 0x00000202b00e76a4
Event: 2.139 Thread 0x00000202a53c7610 Implicit null exception at 0x00000202b00d62bd to 0x00000202b00d6341
Event: 2.322 Thread 0x00000202a53c7610 Exception <a 'java/lang/NoSuchMethodError'{0x00000000eacdf9d0}: 'long java.lang.invoke.DirectMethodHandle$Holder.invokeStatic(java.lang.Object, java.lang.Object, int)'> (0x00000000eacdf9d0) 
thrown [s\src\hotspot\share\interpreter\linkResolver.cpp, line 773]
Event: 2.322 Thread 0x00000202a53c7610 Exception <a 'java/lang/NoSuchMethodError'{0x00000000eace7538}: 'java.lang.Object java.lang.invoke.DirectMethodHandle$Holder.invokeSpecial(java.lang.Object, java.lang.Object, java.lang.Object, java.lang.Object, long)'> (0x00000000eace7538) 
thrown [s\src\hotspot\share\interpreter\linkResolver.cpp, line 773]
Event: 2.324 Thread 0x00000202a53c7610 Exception <a 'java/lang/NoSuchMethodError'{0x00000000eacf51b8}: 'java.lang.Object java.lang.invoke.DirectMethodHandle$Holder.invokeSpecial(java.lang.Object, java.lang.Object, java.lang.Object, int, java.lang.Object)'> (0x00000000eacf51b8) 
thrown [s\src\hotspot\share\interpreter\linkResolver.cpp, line 773]
Event: 2.327 Thread 0x00000202a53c7610 Exception <a 'java/lang/NoSuchMethodError'{0x00000000ead0f1e8}: 'java.lang.Object java.lang.invoke.Invokers$Holder.invokeExact_MT(java.lang.Object, java.lang.Object, java.lang.Object, java.lang.Object, java.lang.Object, java.lang.Object)'> (0x00000000ead0f1e8) 
thrown [s\src\hotspot\share\interpreter\linkResolver.cpp, line 773]
Event: 2.332 Thread 0x00000202a53c7610 Exception <a 'java/lang/NoSuchMethodError'{0x00000000ead28aa0}: 'int java.lang.invoke.DirectMethodHandle$Holder.invokeStaticInit(java.lang.Object, java.lang.Object, java.lang.Object, java.lang.Object)'> (0x00000000ead28aa0) 
thrown [s\src\hotspot\share\interpreter\linkResolver.cpp, line 773]
Event: 2.334 Thread 0x00000202a53c7610 Exception <a 'java/lang/NoSuchMethodError'{0x00000000ead314f0}: 'java.lang.Object java.lang.invoke.DirectMethodHandle$Holder.invokeInterface(java.lang.Object, java.lang.Object)'> (0x00000000ead314f0) 
thrown [s\src\hotspot\share\interpreter\linkResolver.cpp, line 773]
Event: 2.334 Thread 0x00000202a53c7610 Exception <a 'java/lang/IncompatibleClassChangeError'{0x00000000ead34a28}: Found class java.lang.Object, but interface was expected> (0x00000000ead34a28) 
thrown [s\src\hotspot\share\interpreter\linkResolver.cpp, line 840]
Event: 2.335 Thread 0x00000202a53c7610 Exception <a 'java/lang/NoSuchMethodError'{0x00000000ead38be0}: 'void java.lang.invoke.DirectMethodHandle$Holder.invokeStatic(java.lang.Object, java.lang.Object)'> (0x00000000ead38be0) 
thrown [s\src\hotspot\share\interpreter\linkResolver.cpp, line 773]
Event: 2.335 Thread 0x00000202a53c7610 Exception <a 'java/lang/NoSuchMethodError'{0x00000000ead3bf88}: 'void java.lang.invoke.DirectMethodHandle$Holder.invokeStaticInit(java.lang.Object, java.lang.Object)'> (0x00000000ead3bf88) 
thrown [s\src\hotspot\share\interpreter\linkResolver.cpp, line 773]
Event: 2.336 Thread 0x00000202a53c7610 Exception <a 'java/lang/NoSuchMethodError'{0x00000000ead42fa8}: 'int java.lang.invoke.DirectMethodHandle$Holder.invokeStaticInit(java.lang.Object, java.lang.Object)'> (0x00000000ead42fa8) 
thrown [s\src\hotspot\share\interpreter\linkResolver.cpp, line 773]
Event: 2.413 Thread 0x00000202a53c7610 Exception <a 'java/lang/NoSuchMethodError'{0x00000000eae809c8}: 'void java.lang.invoke.DirectMethodHandle$Holder.invokeSpecial(java.lang.Object, java.lang.Object, java.lang.Object)'> (0x00000000eae809c8) 
thrown [s\src\hotspot\share\interpreter\linkResolver.cpp, line 773]
Event: 3.185 Thread 0x00000202a53c7610 Exception <a 'java/lang/NoSuchMethodError'{0x00000000eb73a798}: 'int java.lang.invoke.DirectMethodHandle$Holder.invokeVirtual(java.lang.Object, java.lang.Object)'> (0x00000000eb73a798) 
thrown [s\src\hotspot\share\interpreter\linkResolver.cpp, line 773]
Event: 3.621 Thread 0x00000202a53c7610 Exception <a 'java/lang/NoSuchMethodError'{0x00000000eba93868}: 'java.lang.Object java.lang.invoke.DirectMethodHandle$Holder.newInvokeSpecial(java.lang.Object, int, java.lang.Object)'> (0x00000000eba93868) 
thrown [s\src\hotspot\share\interpreter\linkResolver.cpp, line 773]
Event: 3.708 Thread 0x00000202a53c7610 Exception <a 'java/lang/NoSuchMethodError'{0x00000000ebc2a618}: 'java.lang.Object java.lang.invoke.DirectMethodHandle$Holder.newInvokeSpecial(java.lang.Object, java.lang.Object, java.lang.Object, java.lang.Object, int, java.lang.Object)'> (0x00000000ebc2a618) 
thrown [s\src\hotspot\share\interpreter\linkResolver.cpp, line 773]

ZGC Phase Switch (0 events):
No events

VM Operations (20 events):
Event: 0.646 Executing VM operation: HandshakeAllThreads (Deoptimize)
Event: 0.646 Executing VM operation: HandshakeAllThreads (Deoptimize) done
Event: 1.360 Executing VM operation: HandshakeAllThreads (Deoptimize)
Event: 1.360 Executing VM operation: HandshakeAllThreads (Deoptimize) done
Event: 1.360 Executing VM operation: Cleanup
Event: 1.360 Executing VM operation: Cleanup done
Event: 1.398 Executing VM operation: HandshakeAllThreads (Deoptimize)
Event: 1.398 Executing VM operation: HandshakeAllThreads (Deoptimize) done
Event: 1.965 Executing VM operation: HandshakeAllThreads (Deoptimize)
Event: 1.965 Executing VM operation: HandshakeAllThreads (Deoptimize) done
Event: 2.236 Executing VM operation: ParallelGCFailedAllocation (Allocation Failure)
Event: 2.259 Executing VM operation: ParallelGCFailedAllocation (Allocation Failure) done
Event: 3.604 Executing VM operation: HandshakeAllThreads (Deoptimize)
Event: 3.604 Executing VM operation: HandshakeAllThreads (Deoptimize) done
Event: 3.604 Executing VM operation: Cleanup
Event: 3.604 Executing VM operation: Cleanup done
Event: 3.613 Executing VM operation: HandshakeAllThreads (Deoptimize)
Event: 3.613 Executing VM operation: HandshakeAllThreads (Deoptimize) done
Event: 3.705 Executing VM operation: HandshakeAllThreads (Deoptimize)
Event: 3.705 Executing VM operation: HandshakeAllThreads (Deoptimize) done

Memory protections (0 events):
No events

Nmethod flushes (0 events):
No events

Events (12 events):
Event: 0.026 Thread 0x00000202a53c7610 Thread added: 0x00000202a53c7610
Event: 0.088 Thread 0x00000202a53c7610 Thread added: 0x00000202b96acb90
Event: 0.088 Thread 0x00000202a53c7610 Thread added: 0x00000202b96ae3f0
Event: 0.089 Thread 0x00000202a53c7610 Thread added: 0x00000202b96b1c70
Event: 0.089 Thread 0x00000202a53c7610 Thread added: 0x00000202b96b4990
Event: 0.089 Thread 0x00000202a53c7610 Thread added: 0x00000202b96b67d0
Event: 0.089 Thread 0x00000202a53c7610 Thread added: 0x00000202b96b7220
Event: 0.089 Thread 0x00000202a53c7610 Thread added: 0x00000202b96b8050
Event: 0.101 Thread 0x00000202a53c7610 Thread added: 0x00000202b972b8c0
Event: 0.174 Thread 0x00000202a53c7610 Thread added: 0x00000202b977f9a0
Event: 0.985 Thread 0x00000202a53c7610 Thread added: 0x00000202ff2152c0
Event: 3.376 Thread 0x00000202a53c7610 Thread added: 0x00000202ff5fcad0


Dynamic libraries:
0x00007ff605330000 - 0x00007ff60533e000 	c:\Users\Admin\.vscode\extensions\redhat.java-1.40.0-win32-x64\jre\21.0.6-win32-x86_64\bin\java.exe
0x00007ff8c57f0000 - 0x00007ff8c59e8000 	C:\Windows\SYSTEM32\ntdll.dll
0x00007ff8c3f50000 - 0x00007ff8c400d000 	C:\Windows\System32\KERNEL32.DLL
0x00007ff8c2ef0000 - 0x00007ff8c31c3000 	C:\Windows\System32\KERNELBASE.dll
0x00007ff8c32b0000 - 0x00007ff8c33b0000 	C:\Windows\System32\ucrtbase.dll
0x00007ff8ba670000 - 0x00007ff8ba688000 	c:\Users\Admin\.vscode\extensions\redhat.java-1.40.0-win32-x64\jre\21.0.6-win32-x86_64\bin\jli.dll
0x00007ff8c3d30000 - 0x00007ff8c3ece000 	C:\Windows\System32\USER32.dll
0x00007ff8c3620000 - 0x00007ff8c3642000 	C:\Windows\System32\win32u.dll
0x00007ff8c4010000 - 0x00007ff8c403c000 	C:\Windows\System32\GDI32.dll
0x00007ff8c3730000 - 0x00007ff8c3844000 	C:\Windows\System32\gdi32full.dll
0x00007ff8c3420000 - 0x00007ff8c34bd000 	C:\Windows\System32\msvcp_win.dll
0x00007ff8ba380000 - 0x00007ff8ba39e000 	c:\Users\Admin\.vscode\extensions\redhat.java-1.40.0-win32-x64\jre\21.0.6-win32-x86_64\bin\VCRUNTIME140.dll
0x00007ff8b50a0000 - 0x00007ff8b533a000 	C:\Windows\WinSxS\amd64_microsoft.windows.common-controls_6595b64144ccf1df_6.0.19041.1110_none_60b5254171f9507e\COMCTL32.dll
0x00007ff8c38b0000 - 0x00007ff8c394e000 	C:\Windows\System32\msvcrt.dll
0x00007ff8c40b0000 - 0x00007ff8c40e0000 	C:\Windows\System32\IMM32.DLL
0x00007ff8bef30000 - 0x00007ff8bef3c000 	c:\Users\Admin\.vscode\extensions\redhat.java-1.40.0-win32-x64\jre\21.0.6-win32-x86_64\bin\vcruntime140_1.dll
0x00007ff8a89b0000 - 0x00007ff8a8a3d000 	c:\Users\Admin\.vscode\extensions\redhat.java-1.40.0-win32-x64\jre\21.0.6-win32-x86_64\bin\msvcp140.dll
0x00007ff890b30000 - 0x00007ff8918c0000 	c:\Users\Admin\.vscode\extensions\redhat.java-1.40.0-win32-x64\jre\21.0.6-win32-x86_64\bin\server\jvm.dll
0x00007ff8c3b20000 - 0x00007ff8c3bce000 	C:\Windows\System32\ADVAPI32.dll
0x00007ff8c4150000 - 0x00007ff8c41ec000 	C:\Windows\System32\sechost.dll
0x00007ff8c3be0000 - 0x00007ff8c3d05000 	C:\Windows\System32\RPCRT4.dll
0x00007ff8c4940000 - 0x00007ff8c49ab000 	C:\Windows\System32\WS2_32.dll
0x00007ff8c2da0000 - 0x00007ff8c2deb000 	C:\Windows\SYSTEM32\POWRPROF.dll
0x00007ff8b4120000 - 0x00007ff8b4147000 	C:\Windows\SYSTEM32\WINMM.dll
0x00007ff8b7560000 - 0x00007ff8b756a000 	C:\Windows\SYSTEM32\VERSION.dll
0x00007ff8c2d40000 - 0x00007ff8c2d52000 	C:\Windows\SYSTEM32\UMPDC.dll
0x00007ff8c0db0000 - 0x00007ff8c0dc2000 	C:\Windows\SYSTEM32\kernel.appcore.dll
0x00007ff8bdc50000 - 0x00007ff8bdc5a000 	c:\Users\Admin\.vscode\extensions\redhat.java-1.40.0-win32-x64\jre\21.0.6-win32-x86_64\bin\jimage.dll
0x00007ff8b5370000 - 0x00007ff8b5554000 	C:\Windows\SYSTEM32\DBGHELP.DLL
0x00007ff8b3df0000 - 0x00007ff8b3e1c000 	C:\Windows\SYSTEM32\dbgcore.DLL
0x00007ff8c31d0000 - 0x00007ff8c3252000 	C:\Windows\System32\bcryptPrimitives.dll
0x00007ff8bd0d0000 - 0x00007ff8bd0df000 	c:\Users\Admin\.vscode\extensions\redhat.java-1.40.0-win32-x64\jre\21.0.6-win32-x86_64\bin\instrument.dll
0x00007ff8b6ff0000 - 0x00007ff8b700f000 	c:\Users\Admin\.vscode\extensions\redhat.java-1.40.0-win32-x64\jre\21.0.6-win32-x86_64\bin\java.dll
0x00007ff8c41f0000 - 0x00007ff8c4933000 	C:\Windows\System32\SHELL32.dll
0x00007ff8c0fb0000 - 0x00007ff8c1744000 	C:\Windows\SYSTEM32\windows.storage.dll
0x00007ff8c4df0000 - 0x00007ff8c5144000 	C:\Windows\System32\combase.dll
0x00007ff8c2870000 - 0x00007ff8c28a0000 	C:\Windows\SYSTEM32\Wldp.dll
0x00007ff8c3950000 - 0x00007ff8c39fd000 	C:\Windows\System32\SHCORE.dll
0x00007ff8c4050000 - 0x00007ff8c40a5000 	C:\Windows\System32\shlwapi.dll
0x00007ff8c2e30000 - 0x00007ff8c2e4f000 	C:\Windows\SYSTEM32\profapi.dll
0x00007ff8b3ae0000 - 0x00007ff8b3af8000 	c:\Users\Admin\.vscode\extensions\redhat.java-1.40.0-win32-x64\jre\21.0.6-win32-x86_64\bin\zip.dll
0x00007ff8bc320000 - 0x00007ff8bc330000 	C:\Users\Admin\.vscode\extensions\redhat.java-1.40.0-win32-x64\jre\21.0.6-win32-x86_64\bin\net.dll
0x00007ff8bcf40000 - 0x00007ff8bd04d000 	C:\Windows\SYSTEM32\WINHTTP.dll
0x00007ff8c25d0000 - 0x00007ff8c263a000 	C:\Windows\system32\mswsock.dll
0x00007ff8b2f50000 - 0x00007ff8b2f66000 	C:\Users\Admin\.vscode\extensions\redhat.java-1.40.0-win32-x64\jre\21.0.6-win32-x86_64\bin\nio.dll
0x00007ff8bc300000 - 0x00007ff8bc310000 	c:\Users\Admin\.vscode\extensions\redhat.java-1.40.0-win32-x64\jre\21.0.6-win32-x86_64\bin\verify.dll

dbghelp: loaded successfully - version: 4.0.5 - missing functions: none
symbol engine: initialized successfully - sym options: 0x614 - pdb path: .;c:\Users\Admin\.vscode\extensions\redhat.java-1.40.0-win32-x64\jre\21.0.6-win32-x86_64\bin;C:\Windows\SYSTEM32;C:\Windows\WinSxS\amd64_microsoft.windows.common-controls_6595b64144ccf1df_6.0.19041.1110_none_60b5254171f9507e;c:\Users\Admin\.vscode\extensions\redhat.java-1.40.0-win32-x64\jre\21.0.6-win32-x86_64\bin\server

VM Arguments:
jvm_args: --add-modules=ALL-SYSTEM --add-opens=java.base/java.util=ALL-UNNAMED --add-opens=java.base/java.lang=ALL-UNNAMED --add-opens=java.base/sun.nio.fs=ALL-UNNAMED -Declipse.application=org.eclipse.jdt.ls.core.id1 -Dosgi.bundles.defaultStartLevel=4 -Declipse.product=org.eclipse.jdt.ls.core.product -Djava.import.generatesMetadataFilesAtProjectRoot=false -DDetectVMInstallationsJob.disabled=true -Dfile.encoding=utf8 -XX:+UseParallelGC -XX:GCTimeRatio=4 -XX:AdaptiveSizePolicyWeight=90 -Dsun.zip.disableMemoryMapping=true -Xmx1G -Xms100m -Xlog:disable -javaagent:c:\Users\Admin\.vscode\extensions\redhat.java-1.40.0-win32-x64\lombok\lombok-1.18.36.jar 
java_command: c:\Users\Admin\.vscode\extensions\redhat.java-1.40.0-win32-x64\server\plugins\org.eclipse.equinox.launcher_1.6.1000.v20250131-0606.jar -configuration c:\Users\Admin\AppData\Roaming\Code\User\globalStorage\redhat.java\1.40.0\config_ss_win -data c:\Users\Admin\AppData\Roaming\Code\User\workspaceStorage\f9e950fe48b17e5db849d738e7c9aa1b\redhat.java\ss_ws --pipe=\\.\pipe\lsp-2b797f69524568c87fc67f62f86c4b88-sock
java_class_path (initial): c:\Users\Admin\.vscode\extensions\redhat.java-1.40.0-win32-x64\server\plugins\org.eclipse.equinox.launcher_1.6.1000.v20250131-0606.jar
Launcher Type: SUN_STANDARD

[Global flags]
    uintx AdaptiveSizePolicyWeight                 = 90                                        {product} {command line}
     intx CICompilerCount                          = 2                                         {product} {ergonomic}
    uintx GCTimeRatio                              = 4                                         {product} {command line}
   size_t InitialHeapSize                          = 104857600                                 {product} {command line}
   size_t MaxHeapSize                              = 1073741824                                {product} {command line}
   size_t MaxNewSize                               = 357564416                                 {product} {ergonomic}
   size_t MinHeapDeltaBytes                        = 524288                                    {product} {ergonomic}
   size_t MinHeapSize                              = 104857600                                 {product} {command line}
   size_t NewSize                                  = 34603008                                  {product} {ergonomic}
    uintx NonNMethodCodeHeapSize                   = 5826188                                {pd product} {ergonomic}
    uintx NonProfiledCodeHeapSize                  = 122916026                              {pd product} {ergonomic}
   size_t OldSize                                  = 70254592                                  {product} {ergonomic}
    uintx ProfiledCodeHeapSize                     = 122916026                              {pd product} {ergonomic}
    uintx ReservedCodeCacheSize                    = 251658240                              {pd product} {ergonomic}
     bool SegmentedCodeCache                       = true                                      {product} {ergonomic}
   size_t SoftMaxHeapSize                          = 1073741824                             {manageable} {ergonomic}
     bool UseCompressedOops                        = true                           {product lp64_product} {ergonomic}
     bool UseLargePagesIndividualAllocation        = false                                  {pd product} {ergonomic}
     bool UseParallelGC                            = true                                      {product} {command line}

Logging:
Log output configuration:
 #0: stdout all=off uptime,level,tags foldmultilines=false
 #1: stderr all=off uptime,level,tags foldmultilines=false

Environment Variables:
JAVA_HOME=C:\Program Files\Eclipse Adoptium\jre-17.0.13.11-hotspot\
PATH=C:\Program Files\Eclipse Adoptium\jre-17.0.13.11-hotspot\bin;C:\Program Files\Eclipse Adoptium\jdk-17.0.13.11-hotspot\bin;C:\ProgramData\Oracle\Java\javapath;C:\Windows\system32;C:\Windows;C:\Windows\System32\Wbem;C:\Windows\System32\WindowsPowerShell\v1.0\;C:\Windows\System32\OpenSSH\;C:\Program Files\MySQL\MySQL Shell 8.0\bin\;C:\Users\Admin\AppData\Local\Programs\Python\Python312\Scripts\;C:\Users\Admin\AppData\Local\Programs\Python\Python312\;C:\Users\Admin\AppData\Local\Microsoft\WindowsApps;C:\Users\Admin\AppData\Local\Programs\Microsoft VS Code\bin
USERNAME=Admin
OS=Windows_NT
PROCESSOR_IDENTIFIER=Intel64 Family 6 Model 156 Stepping 0, GenuineIntel
TMP=C:\Users\Admin\AppData\Local\Temp
TEMP=C:\Users\Admin\AppData\Local\Temp




Periodic native trim disabled

---------------  S Y S T E M  ---------------

OS:
 Windows 10 , 64 bit Build 19041 (10.0.19041.1889)
OS uptime: 3 days 0:17 hours

CPU: total 2 (initial active 2) (2 cores per cpu, 1 threads per core) family 6 model 156 stepping 0 microcode 0x2400001f, cx8, cmov, fxsr, mmx, 3dnowpref, sse, sse2, sse3, ssse3, sse4.1, sse4.2, popcnt, tsc, tscinvbit, aes, erms, clmul, sha, clflush, clflushopt, clwb, rdtscp, rdpid
Processor Information for the first 2 processors :
  Max Mhz: 1114, Current Mhz: 1114, Mhz Limit: 1114

Memory: 4k page, system-wide physical 3901M (674M free)
TotalPageFile size 3901M (AvailPageFile size 2M)
current process WorkingSet (physical memory assigned to process): 82M, peak: 82M
current process commit charge ("private bytes"): 183M, peak: 184M

vm_info: OpenJDK 64-Bit Server VM (21.0.6+7-LTS) for windows-amd64 JRE (21.0.6+7-LTS), built on 2025-01-21T00:00:00Z by "admin" with MS VC++ 17.7 (VS2022)

END.
